<?xml version="1.0" encoding="utf-8"?><testsuites name="pytest tests"><testsuite name="pytest" errors="0" failures="0" skipped="0" tests="148" time="10.760" timestamp="2026-07-27T17:17:04.605452+07:00" hostname="Natchapols-MacBook-Pro.local"><testcase classname="tests.sources.test_arxiv" name="test_search_filters_by_category_and_date_and_parses_atom_fixture" time="0.001" /><testcase classname="tests.sources.test_arxiv" name="test_fetch_metadata_and_pdf_url_use_the_recorded_entry" time="3.006" /><testcase classname="tests.sources.test_arxiv" name="test_user_agent_identifies_tool_and_configured_contact" time="0.000" /><testcase classname="tests.sources.test_arxiv" name="test_two_consecutive_calls_observe_configured_arxiv_interval" time="0.000" /><testcase classname="tests.sources.test_crossref" name="test_resolve_doi_uses_recorded_crossref_response" time="0.003" /><testcase classname="tests.sources.test_openalex" name="test_search_uses_publication_date_filters_and_parses_fixture" time="0.000" /><testcase classname="tests.sources.test_openalex" name="test_fetch_metadata_reconstructs_abstract_from_recorded_fixture" time="0.208" /><testcase classname="tests.sources.test_openalex" name="test_user_agent_identifies_tool_and_configured_contact" time="0.000" /><testcase classname="tests.sources.test_openalex" name="test_two_consecutive_calls_observe_configured_openalex_interval" time="0.000" /><testcase classname="tests.sources.test_registry" name="test_builtin_source_is_registered_at_import_time[arxiv]" time="0.000" /><testcase classname="tests.sources.test_registry" name="test_builtin_source_is_registered_at_import_time[openalex]" time="0.000" /><testcase classname="tests.sources.test_registry" name="test_builtin_source_is_registered_at_import_time[semantic_scholar]" time="0.000" /><testcase classname="tests.sources.test_registry" name="test_unknown_source_raises_named_error" time="0.000" /><testcase classname="tests.sources.test_registry" name="test_crossref_is_not_registered_as_a_discovery_source" time="0.000" /><testcase classname="tests.sources.test_semantic_scholar" name="test_search_uses_date_range_and_parses_recorded_fixture" time="0.000" /><testcase classname="tests.sources.test_semantic_scholar" name="test_fetch_metadata_parses_recorded_paper" time="1.005" /><testcase classname="tests.sources.test_semantic_scholar" name="test_user_agent_identifies_tool_and_configured_contact" time="0.000" /><testcase classname="tests.sources.test_semantic_scholar" name="test_two_consecutive_calls_observe_configured_semantic_scholar_interval" time="0.000" /><testcase classname="tests.test_acquire" name="test_open_access_pdf_is_downloaded_and_recorded" time="0.001" /><testcase classname="tests.test_acquire" name="test_paper_without_pdf_is_kept_as_abstract_only" time="0.000" /><testcase classname="tests.test_acquire" name="test_non_pdf_response_is_treated_as_no_pdf_available[text/html-%PDF-1.4\n1 0 obj\n&lt;&lt; /Type /Catalog &gt;&gt;\nendobj\ntrailer\n&lt;&lt; /Root 1 0 R &gt;&gt;\n%%EOF\n]" time="0.000" /><testcase classname="tests.test_acquire" name="test_non_pdf_response_is_treated_as_no_pdf_available[application/pdf-&lt;html&gt;not a PDF&lt;/html&gt;]" time="0.000" /><testcase classname="tests.test_acquire" name="test_existing_download_is_skipped_without_touching_file" time="0.000" /><testcase classname="tests.test_acquire" name="test_download_failure_is_recorded_against_paper_without_raising" time="0.000" /><testcase classname="tests.test_acquire" name="test_truncated_http_response_is_recorded_against_paper_without_raising" time="0.000" /><testcase classname="tests.test_acquire" name="test_malformed_pdf_url_is_recorded_without_raising" time="0.000" /><testcase classname="tests.test_acquire" name="test_abstract_only_reacquisition_clears_missing_pdf_path[None-None]" time="0.000" /><testcase classname="tests.test_acquire" name="test_abstract_only_reacquisition_clears_missing_pdf_path[https://example.test/not-a-pdf-response1]" time="0.000" /><testcase classname="tests.test_acquire" name="test_successful_retry_resets_failed_paper_to_pending" time="0.000" /><testcase classname="tests.test_acquire" name="test_default_acquisition_uses_configured_storage_directory" time="0.000" /><testcase classname="tests.test_acquire" name="test_storage_failure_is_recorded_without_raising" time="0.000" /><testcase classname="tests.test_ask_cli" name="test_ask_prints_answer_and_numbered_citations" time="0.002" /><testcase classname="tests.test_ask_cli" name="test_ask_verbose_prints_expanded_nodes_and_stopping_reason" time="0.001" /><testcase classname="tests.test_ask_cli" name="test_ask_json_emits_machine_readable_output_only" time="0.001" /><testcase classname="tests.test_ask_cli" name="test_ask_max_nodes_override_labels_budget_limited_output" time="0.001" /><testcase classname="tests.test_ask_cli" name="test_ask_insufficient_evidence_is_an_explicit_successful_result" time="0.001" /><testcase classname="tests.test_cli_smoke" name="test_airesearch_help_exits_successfully" time="0.764" /><testcase classname="tests.test_config" name="test_settings_read_database_url_from_environment" time="0.000" /><testcase classname="tests.test_config" name="test_missing_required_variable_raises_named_error" time="0.000" /><testcase classname="tests.test_config" name="test_settings_read_pdf_storage_directory_from_environment" time="0.000" /><testcase classname="tests.test_config" name="test_shortlist_backend_defaults_to_pageindex_and_reads_environment" time="0.000" /><testcase classname="tests.test_dedup" name="test_normalize_title_ignores_case_punctuation_and_whitespace" time="0.000" /><testcase classname="tests.test_dedup" name="test_doi_match_merges_three_sources_with_three_provenance_rows" time="0.000" /><testcase classname="tests.test_dedup" name="test_arxiv_match_is_used_when_doi_is_unavailable" time="0.000" /><testcase classname="tests.test_dedup" name="test_title_author_surname_and_year_match_is_the_final_fallback" time="0.000" /><testcase classname="tests.test_dedup" name="test_merging_fills_empty_fields_without_overwriting_existing_values" time="0.000" /><testcase classname="tests.test_dedup" name="test_different_non_null_dois_never_merge_by_title" time="0.000" /><testcase classname="tests.test_dedup" name="test_near_miss_title_prefix_stays_as_two_distinct_papers" time="0.000" /><testcase classname="tests.test_eval_harness" name="test_default_goldset_has_twenty_questions_across_quantum_and_ai" time="0.008" /><testcase classname="tests.test_eval_harness" name="test_goldset_fails_loudly_when_a_path_matches_no_known_section" time="0.001" /><testcase classname="tests.test_eval_harness" name="test_harness_runs_end_to_end_offline_and_appends_comparable_backend_runs" time="0.003" /><testcase classname="tests.test_eval_harness" name="test_eval_cli_reports_all_metrics_and_report_path" time="0.001" /><testcase classname="tests.test_gateway" name="test_codex_returns_text_for_a_plain_prompt" time="0.001" /><testcase classname="tests.test_gateway" name="test_codex_returns_an_object_for_a_schema_request" time="0.001" /><testcase classname="tests.test_gateway" name="test_claude_returns_text_for_a_plain_prompt" time="0.000" /><testcase classname="tests.test_gateway" name="test_claude_disables_all_tools" time="0.000" /><testcase classname="tests.test_gateway" name="test_claude_terminates_variadic_tools_before_prompt" time="0.000" /><testcase classname="tests.test_gateway" name="test_claude_returns_an_object_for_a_schema_request" time="0.000" /><testcase classname="tests.test_gateway" name="test_nonzero_cli_exit_raises_model_call_error[claude]" time="0.000" /><testcase classname="tests.test_gateway" name="test_nonzero_cli_exit_raises_model_call_error[codex]" time="0.000" /><testcase classname="tests.test_gateway" name="test_cli_timeout_raises_model_timeout_error[claude]" time="0.000" /><testcase classname="tests.test_gateway" name="test_cli_timeout_raises_model_timeout_error[codex]" time="0.000" /><testcase classname="tests.test_gateway" name="test_malformed_schema_output_raises_model_output_error[claude-not-json]" time="0.000" /><testcase classname="tests.test_gateway" name="test_malformed_schema_output_raises_model_output_error[codex-not-json]" time="0.001" /><testcase classname="tests.test_gateway" name="test_unknown_job_uses_the_default_backend" time="0.000" /><testcase classname="tests.test_gateway" name="test_gateway_caps_parallel_subprocesses" time="0.053" /><testcase classname="tests.test_gateway" name="test_llm_package_exposes_only_complete_as_its_call_entry_point" time="0.000" /><testcase classname="tests.test_gateway" name="test_unexpected_backend_failure_is_translated" time="0.000" /><testcase classname="tests.test_ingest_pipeline" name="test_discover_queries_every_source_and_merges_by_identity" time="0.003" /><testcase classname="tests.test_ingest_pipeline" name="test_clean_ingest_writes_job_papers_and_sections" time="0.231" /><testcase classname="tests.test_ingest_pipeline" name="test_resumed_ingest_reports_zero_newly_parsed_papers" time="0.102" /><testcase classname="tests.test_ingest_pipeline" name="test_corpus_ceiling_refuses_before_any_download" time="0.311" /><testcase classname="tests.test_ingest_pipeline" name="test_parse_failure_is_recorded_and_run_continues" time="0.111" /><testcase classname="tests.test_ingest_pipeline" name="test_cli_ingest_ceiling_exits_nonzero_with_counts" time="0.072" /><testcase classname="tests.test_ingest_pipeline" name="test_cli_ingest_help_lists_command" time="0.029" /><testcase classname="tests.test_mcp_server" name="test_mcp_command_serves_required_tools_over_stdio" time="1.083" /><testcase classname="tests.test_mcp_server" name="test_scope_tools_return_named_structured_fields" time="0.141" /><testcase classname="tests.test_mcp_server" name="test_ask_corpus_returns_grounding_and_limits_as_distinct_fields" time="0.000" /><testcase classname="tests.test_mcp_server" name="test_ask_cli_and_mcp_call_the_same_synthesize_entry_point" time="0.001" /><testcase classname="tests.test_mcp_server" name="test_get_paper_sections_returns_structured_section_rows" time="0.000" /><testcase classname="tests.test_mcp_server" name="test_mcp_setup_documents_exact_claude_code_registration" time="0.004" /><testcase classname="tests.test_migrations" name="test_db_help_lists_migrate_command" time="0.002" /><testcase classname="tests.test_migrations" name="test_models_define_every_migrated_table" time="0.000" /><testcase classname="tests.test_migrations" name="test_cli_applies_all_migrations_and_is_idempotent" time="0.125" /><testcase classname="tests.test_migrations" name="test_non_null_paper_identifiers_are_unique[doi]" time="0.083" /><testcase classname="tests.test_migrations" name="test_non_null_paper_identifiers_are_unique[arxiv_id]" time="0.076" /><testcase classname="tests.test_migrations" name="test_multiple_null_paper_identifiers_are_allowed" time="0.069" /><testcase classname="tests.test_no_direct_model_calls" name="test_model_calls_are_confined_to_the_llm_package[claude -p]" time="0.005" /><testcase classname="tests.test_no_direct_model_calls" name="test_model_calls_are_confined_to_the_llm_package[codex exec]" time="0.002" /><testcase classname="tests.test_no_direct_model_calls" name="test_model_calls_are_confined_to_the_llm_package[import litellm]" time="0.002" /><testcase classname="tests.test_no_direct_model_calls" name="test_model_calls_are_confined_to_the_llm_package[import openai]" time="0.002" /><testcase classname="tests.test_no_direct_model_calls" name="test_model_calls_are_confined_to_the_llm_package[import anthropic]" time="0.002" /><testcase classname="tests.test_parse" name="test_tei_fixture_produces_expected_nested_section_titles_in_order" time="0.000" /><testcase classname="tests.test_parse" name="test_tei_page_range_uses_every_coordinate_group_in_a_paragraph" time="0.000" /><testcase classname="tests.test_parse" name="test_parse_pdf_stores_tei_and_sections_from_grobid" time="0.001" /><testcase classname="tests.test_parse" name="test_grobid_failure_is_recorded_without_raising" time="0.000" /><testcase classname="tests.test_parse" name="test_missing_pdf_is_recorded_as_failure_without_raising" time="0.000" /><testcase classname="tests.test_parse" name="test_live_grobid_process_fulltext_when_reachable" time="1.023" /><testcase classname="tests.test_scoping" name="test_estimate_uses_capped_search_results_without_fetching_papers" time="0.001" /><testcase classname="tests.test_scoping" name="test_default_estimation_uses_every_registered_source" time="0.000" /><testcase classname="tests.test_scoping" name="test_scope_store_persists_and_rehydrates_scope_rows" time="0.001" /><testcase classname="tests.test_scoping" name="test_dialogue_estimates_before_narrowing_and_after_each_accepted_decision" time="0.001" /><testcase classname="tests.test_scoping" name="test_scope_new_runs_dialogue_and_persists_exactly_one_row" time="0.001" /><testcase classname="tests.test_scoping" name="test_scope_show_prints_the_full_definition_and_current_estimate" time="0.001" /><testcase classname="tests.test_scoping" name="test_scope_list_prints_every_scope_with_its_estimated_size" time="0.001" /><testcase classname="tests.test_services_config" name="test_service_urls_are_read_from_environment" time="0.000" /><testcase classname="tests.test_services_config" name="test_compose_declares_native_healthy_backing_services" time="0.000" /><testcase classname="tests.test_services_config" name="test_postgres_password_must_come_from_local_environment" time="0.000" /><testcase classname="tests.test_shortlist" name="test_pageindex_module_imports_in_fresh_interpreter" time="0.090" /><testcase classname="tests.test_shortlist" name="test_two_shortlist_implementations_are_registered_and_satisfy_protocol" time="0.000" /><testcase classname="tests.test_shortlist" name="test_config_switches_both_backends_for_the_same_question" time="0.114" /><testcase classname="tests.test_shortlist" name="test_pageindex_shortlist_caps_model_selection_at_limit" time="0.089" /><testcase classname="tests.test_shortlist" name="test_postgres_fts_searches_title_abstract_and_section_body[surface code threshold-0]" time="0.090" /><testcase classname="tests.test_shortlist" name="test_postgres_fts_searches_title_abstract_and_section_body[neural decoder-1]" time="0.093" /><testcase classname="tests.test_shortlist" name="test_postgres_fts_searches_title_abstract_and_section_body[transversal CNOT-2]" time="0.193" /><testcase classname="tests.test_shortlist" name="test_fts_migration_adds_gin_indexes" time="0.071" /><testcase classname="tests.test_status" name="test_scope_status_aggregates_counts_by_sql" time="0.096" /><testcase classname="tests.test_status" name="test_scope_status_for_one_scope_lists_failed_papers" time="0.096" /><testcase classname="tests.test_status" name="test_status_cli_prints_counts_and_scope_filter" time="0.106" /><testcase classname="tests.test_status" name="test_logs_go_to_stderr_not_stdout" time="0.206" /><testcase classname="tests.test_status" name="test_ingest_emits_per_paper_progress_lines" time="0.102" /><testcase classname="tests.test_synthesis" name="test_synthesis_attributes_every_statement_to_supplied_nodes" time="0.000" /><testcase classname="tests.test_synthesis" name="test_newline_containing_statement_is_rejected_and_regenerated" time="0.000" /><testcase classname="tests.test_synthesis" name="test_citation_renders_paper_section_pages_and_identifier" time="0.000" /><testcase classname="tests.test_synthesis" name="test_fewer_than_two_nodes_returns_insufficient_evidence_without_synthesis" time="0.000" /><testcase classname="tests.test_synthesis" name="test_nodes_without_real_page_ranges_return_insufficient_evidence" time="0.000" /><testcase classname="tests.test_synthesis" name="test_missing_paper_identifier_returns_insufficient_evidence" time="0.000" /><testcase classname="tests.test_synthesis" name="test_budget_exhaustion_sets_budget_limited_on_synthesized_answer" time="0.000" /><testcase classname="tests.test_synthesis" name="test_unknown_node_attribution_is_regenerated_once" time="0.000" /><testcase classname="tests.test_synthesis" name="test_second_invalid_attribution_returns_insufficient_evidence" time="0.000" /><testcase classname="tests.test_synthesis" name="test_any_unattributed_statement_returns_insufficient_evidence" time="0.000" /><testcase classname="tests.test_traversal" name="test_traverse_returns_ranked_nodes_and_full_expansion_trace" time="0.000" /><testcase classname="tests.test_traversal" name="test_traversal_never_expands_more_than_three_nodes" time="0.000" /><testcase classname="tests.test_traversal" name="test_depleted_frontier_with_remaining_budget_is_not_budget_exhausted" time="0.000" /><testcase classname="tests.test_traversal" name="test_node_budget_defaults_and_overrides[None-None-40]" time="0.000" /><testcase classname="tests.test_traversal" name="test_node_budget_defaults_and_overrides[2-None-2]" time="0.000" /><testcase classname="tests.test_traversal" name="test_node_budget_defaults_and_overrides[2-3-3]" time="0.000" /><testcase classname="tests.test_traversal" name="test_no_shortlisted_candidates_writes_one_trace_without_expansion_call" time="0.000" /><testcase classname="tests.test_traversal" name="test_expansion_budget_rejects_nonpositive_limits[0]" time="0.000" /><testcase classname="tests.test_traversal" name="test_expansion_budget_rejects_nonpositive_limits[-1]" time="0.000" /><testcase classname="tests.test_tree_builder" name="test_build_tree_batches_one_gateway_call_and_preserves_section_anchors" time="0.000" /><testcase classname="tests.test_tree_builder" name="test_six_level_tree_is_flattened_at_depth_four_without_losing_original_path" time="0.000" /><testcase classname="tests.test_tree_builder" name="test_tree_version_staleness_compares_schema_and_summary_model" time="0.000" /><testcase classname="tests.test_tree_builder" name="test_index_cli_builds_and_then_skips_current_per_paper_trees" time="0.153" /><testcase classname="tests.test_tree_builder" name="test_index_rebuilds_only_the_paper_with_a_stale_tree_version" time="0.268" /><testcase classname="tests.test_tree_builder" name="test_index_continues_after_one_paper_summary_failure" time="0.116" /><testcase classname="tests.test_tree_schema" name="test_models_define_tree_and_retrieval_trace_tables" time="0.000" /><testcase classname="tests.test_tree_schema" name="test_tree_migration_is_idempotent_and_rejects_null_section" time="0.091" /></testsuite></testsuites>