<?xml version="1.0" encoding="utf-8"?><testsuites name="pytest tests"><testsuite name="pytest" errors="0" failures="0" skipped="0" tests="8" time="0.054" timestamp="2026-07-27T12:43:37.091764+07:00" hostname="Natchapols-MacBook-Pro.local"><testcase classname="tests.test_traversal" name="test_traverse_returns_ranked_nodes_and_full_expansion_trace" time="0.047" /><testcase classname="tests.test_traversal" name="test_traversal_never_expands_more_than_three_nodes" time="0.000" /><testcase classname="tests.test_traversal" name="test_node_budget_defaults_and_overrides[None-None-40]" time="0.000" /><testcase classname="tests.test_traversal" name="test_node_budget_defaults_and_overrides[2-None-2]" time="0.000" /><testcase classname="tests.test_traversal" name="test_node_budget_defaults_and_overrides[2-3-3]" time="0.000" /><testcase classname="tests.test_traversal" name="test_no_shortlisted_candidates_writes_one_trace_without_expansion_call" time="0.000" /><testcase classname="tests.test_traversal" name="test_expansion_budget_rejects_nonpositive_limits[0]" time="0.000" /><testcase classname="tests.test_traversal" name="test_expansion_budget_rejects_nonpositive_limits[-1]" time="0.000" /></testsuite></testsuites>