============================= test session starts ==============================
platform darwin -- Python 3.11.15, pytest-9.1.1, pluggy-1.6.0 -- /Users/banknatchapol/Desktop/Codes/AI-Researcher/.worktrees/issue-60-qa/.venv/bin/python
cachedir: .pytest_cache
rootdir: /Users/banknatchapol/Desktop/Codes/AI-Researcher/.worktrees/issue-60-qa
configfile: pyproject.toml
plugins: anyio-4.14.2
collecting ... collected 2 items

tests/test_discourse_schema.py::test_models_define_discourse_tables PASSED [ 50%]
tests/test_discourse_schema.py::test_discourse_migration_applies_and_enforces_constraints PASSED [100%]

============================== 2 passed in 1.20s ===============================
EXIT:0
