============================= test session starts ==============================
platform darwin -- Python 3.11.15, pytest-9.1.1, pluggy-1.6.0
rootdir: /Users/banknatchapol/Desktop/Codes/AI-Researcher/.worktrees/issue-70-qa
configfile: pyproject.toml
testpaths: tests
plugins: anyio-4.14.2
collected 360 items

tests/discourse/test_hackernews.py ....                                  [  1%]
tests/discourse/test_huggingface.py ....                                 [  2%]
tests/discourse/test_link_resolution.py ...........                      [  5%]
tests/discourse/test_reddit.py .....                                     [  6%]
tests/discourse/test_rss.py .......                                      [  8%]
tests/sources/test_arxiv.py ....                                         [  9%]
tests/sources/test_crossref.py .                                         [ 10%]
tests/sources/test_openalex.py ....                                      [ 11%]
tests/sources/test_registry.py .....                                     [ 12%]
tests/sources/test_semantic_scholar.py ....                              [ 13%]
tests/test_acquire.py .............                                      [ 17%]
tests/test_ask_cli.py .....                                              [ 18%]
tests/test_change_detection.py EEEEEEEEEE                                [ 21%]
tests/test_channel_separation.py .....                                   [ 22%]
tests/test_claim_identity.py ...EE.E...E                                 [ 25%]
tests/test_claims_surface.py .........                                   [ 28%]
tests/test_cli_smoke.py .                                                [ 28%]
tests/test_confidence.py ...............E......                          [ 34%]
tests/test_config.py ....                                                [ 35%]
tests/test_dedup.py .......                                              [ 37%]
tests/test_digest.py .......                                             [ 39%]
tests/test_discourse_registry.py ...                                     [ 40%]
tests/test_discourse_schema.py .E                                        [ 41%]
tests/test_discourse_sweep.py EEEEE                                      [ 42%]
tests/test_eval_harness.py ....                                          [ 43%]
tests/test_evidence_linking.py ......                                    [ 45%]
tests/test_evidence_sweep.py EEEEE                                       [ 46%]
tests/test_extraction_eval.py ......                                     [ 48%]
tests/test_extraction_pipeline.py E.EE.EEEEEEE                           [ 51%]
tests/test_extraction_schema.py .E                                       [ 52%]
tests/test_extraction_validation.py .........                            [ 54%]
tests/test_gateway.py ................                                   [ 59%]
tests/test_ingest_pipeline.py .EEEEE.                                    [ 61%]
tests/test_mcp_server.py ......                                          [ 62%]
tests/test_migrations.py ..EEEE                                          [ 64%]
tests/test_no_direct_model_calls.py .....                                [ 65%]
tests/test_parse.py ......                                               [ 67%]
tests/test_quality.py ............                                       [ 70%]
tests/test_scheduler.py .........                                        [ 73%]
tests/test_scoping.py .......                                            [ 75%]
tests/test_score_separation.py .......................                   [ 81%]
tests/test_services_config.py ...                                        [ 82%]
tests/test_shortlist.py ..EEEEEE                                         [ 84%]
tests/test_status.py EEEEE                                               [ 86%]
tests/test_subscriptions.py EEEEEEEEEEE                                  [ 89%]
tests/test_supersaiyan_dispatch_policy.py ............                   [ 92%]
tests/test_synthesis.py ..........                                       [ 95%]
tests/test_traversal.py .........                                        [ 97%]
tests/test_tree_builder.py ...EEE                                        [ 99%]
tests/test_tree_schema.py .E                                             [100%]

==================================== ERRORS ====================================
_________ ERROR at setup of test_quiet_period_produces_empty_changeset _________

    @pytest.fixture
    def database_url() -> str:
        url = os.environ.get(
            "AI_RESEARCHER_TEST_DATABASE_URL",
            os.environ.get(
                "DATABASE_URL",
                "postgresql://postgres:issue3@127.0.0.1:55432/ai_researcher_test",
            ),
        )
        engine = create_engine(_pg8000_url(url), connect_args={"timeout": 2})
        try:
>           with engine.connect():
                 ^^^^^^^^^^^^^^^^

tests/test_change_detection.py:47: 
_ _ _ _ _ _ _ _ _ _ _ _ _ _ _ _ _ _ _ _ _ _ _ _ _ _ _ _ _ _ _ _ _ _ _ _ _ _ _ _ 
.venv/lib/python3.11/site-packages/sqlalchemy/engine/base.py:3295: in connect
    return self._connection_cls(self)
           ^^^^^^^^^^^^^^^^^^^^^^^^^^
.venv/lib/python3.11/site-packages/sqlalchemy/engine/base.py:144: in __init__
    self._dbapi_connection = engine.raw_connection()
                             ^^^^^^^^^^^^^^^^^^^^^^^
.venv/lib/python3.11/site-packages/sqlalchemy/engine/base.py:3319: in raw_connection
    return self.pool.connect()
           ^^^^^^^^^^^^^^^^^^^
.venv/lib/python3.11/site-packages/sqlalchemy/pool/base.py:448: in connect
    return _ConnectionFairy._checkout(self)
           ^^^^^^^^^^^^^^^^^^^^^^^^^^^^^^^^
.venv/lib/python3.11/site-packages/sqlalchemy/pool/base.py:1272: in _checkout
    fairy = _ConnectionRecord.checkout(pool)
            ^^^^^^^^^^^^^^^^^^^^^^^^^^^^^^^^
.venv/lib/python3.11/site-packages/sqlalchemy/pool/base.py:712: in checkout
    rec = pool._do_get()
          ^^^^^^^^^^^^^^
.venv/lib/python3.11/site-packages/sqlalchemy/pool/impl.py:178: in _do_get
    with util.safe_reraise():
.venv/lib/python3.11/site-packages/sqlalchemy/util/langhelpers.py:122: in __exit__
    raise exc_value.with_traceback(exc_tb)
.venv/lib/python3.11/site-packages/sqlalchemy/pool/impl.py:176: in _do_get
    return self._create_connection()
           ^^^^^^^^^^^^^^^^^^^^^^^^^
.venv/lib/python3.11/site-packages/sqlalchemy/pool/base.py:389: in _create_connection
    return _ConnectionRecord(self)
           ^^^^^^^^^^^^^^^^^^^^^^^
.venv/lib/python3.11/site-packages/sqlalchemy/pool/base.py:674: in __init__
    self.__connect()
.venv/lib/python3.11/site-packages/sqlalchemy/pool/base.py:900: in __connect
    with util.safe_reraise():
.venv/lib/python3.11/site-packages/sqlalchemy/util/langhelpers.py:122: in __exit__
    raise exc_value.with_traceback(exc_tb)
.venv/lib/python3.11/site-packages/sqlalchemy/pool/base.py:896: in __connect
    self.dbapi_connection = connection = pool._invoke_creator(self)
                                         ^^^^^^^^^^^^^^^^^^^^^^^^^^
.venv/lib/python3.11/site-packages/sqlalchemy/engine/create.py:667: in connect
    return dialect.connect(*cargs_tup, **cparams)
           ^^^^^^^^^^^^^^^^^^^^^^^^^^^^^^^^^^^^^^
_ _ _ _ _ _ _ _ _ _ _ _ _ _ _ _ _ _ _ _ _ _ _ _ _ _ _ _ _ _ _ _ _ _ _ _ _ _ _ _ 

self = <sqlalchemy.dialects.postgresql.pg8000.PGDialect_pg8000 object at 0x10a42e910>
cargs = ()
cparams = {'host': 'localhost', 'database': 'research', 'timeout': 2}

    def connect(self, *cargs: Any, **cparams: Any) -> DBAPIConnection:
        # inherits the docstring from interfaces.Dialect.connect
>       return self.loaded_dbapi.connect(*cargs, **cparams)  # type: ignore[no-any-return]  # NOQA: E501
               ^^^^^^^^^^^^^^^^^^^^^^^^^^^^^^^^^^^^^^^^^^^^
E       TypeError: connect() missing 1 required positional argument: 'user'

.venv/lib/python3.11/site-packages/sqlalchemy/engine/default.py:630: TypeError
________ ERROR at setup of test_detects_new_papers_per_subscribed_scope ________

    @pytest.fixture
    def database_url() -> str:
        url = os.environ.get(
            "AI_RESEARCHER_TEST_DATABASE_URL",
            os.environ.get(
                "DATABASE_URL",
                "postgresql://postgres:issue3@127.0.0.1:55432/ai_researcher_test",
            ),
        )
        engine = create_engine(_pg8000_url(url), connect_args={"timeout": 2})
        try:
>           with engine.connect():
                 ^^^^^^^^^^^^^^^^

tests/test_change_detection.py:47: 
_ _ _ _ _ _ _ _ _ _ _ _ _ _ _ _ _ _ _ _ _ _ _ _ _ _ _ _ _ _ _ _ _ _ _ _ _ _ _ _ 
.venv/lib/python3.11/site-packages/sqlalchemy/engine/base.py:3295: in connect
    return self._connection_cls(self)
           ^^^^^^^^^^^^^^^^^^^^^^^^^^
.venv/lib/python3.11/site-packages/sqlalchemy/engine/base.py:144: in __init__
    self._dbapi_connection = engine.raw_connection()
                             ^^^^^^^^^^^^^^^^^^^^^^^
.venv/lib/python3.11/site-packages/sqlalchemy/engine/base.py:3319: in raw_connection
    return self.pool.connect()
           ^^^^^^^^^^^^^^^^^^^
.venv/lib/python3.11/site-packages/sqlalchemy/pool/base.py:448: in connect
    return _ConnectionFairy._checkout(self)
           ^^^^^^^^^^^^^^^^^^^^^^^^^^^^^^^^
.venv/lib/python3.11/site-packages/sqlalchemy/pool/base.py:1272: in _checkout
    fairy = _ConnectionRecord.checkout(pool)
            ^^^^^^^^^^^^^^^^^^^^^^^^^^^^^^^^
.venv/lib/python3.11/site-packages/sqlalchemy/pool/base.py:712: in checkout
    rec = pool._do_get()
          ^^^^^^^^^^^^^^
.venv/lib/python3.11/site-packages/sqlalchemy/pool/impl.py:178: in _do_get
    with util.safe_reraise():
.venv/lib/python3.11/site-packages/sqlalchemy/util/langhelpers.py:122: in __exit__
    raise exc_value.with_traceback(exc_tb)
.venv/lib/python3.11/site-packages/sqlalchemy/pool/impl.py:176: in _do_get
    return self._create_connection()
           ^^^^^^^^^^^^^^^^^^^^^^^^^
.venv/lib/python3.11/site-packages/sqlalchemy/pool/base.py:389: in _create_connection
    return _ConnectionRecord(self)
           ^^^^^^^^^^^^^^^^^^^^^^^
.venv/lib/python3.11/site-packages/sqlalchemy/pool/base.py:674: in __init__
    self.__connect()
.venv/lib/python3.11/site-packages/sqlalchemy/pool/base.py:900: in __connect
    with util.safe_reraise():
.venv/lib/python3.11/site-packages/sqlalchemy/util/langhelpers.py:122: in __exit__
    raise exc_value.with_traceback(exc_tb)
.venv/lib/python3.11/site-packages/sqlalchemy/pool/base.py:896: in __connect
    self.dbapi_connection = connection = pool._invoke_creator(self)
                                         ^^^^^^^^^^^^^^^^^^^^^^^^^^
.venv/lib/python3.11/site-packages/sqlalchemy/engine/create.py:667: in connect
    return dialect.connect(*cargs_tup, **cparams)
           ^^^^^^^^^^^^^^^^^^^^^^^^^^^^^^^^^^^^^^
_ _ _ _ _ _ _ _ _ _ _ _ _ _ _ _ _ _ _ _ _ _ _ _ _ _ _ _ _ _ _ _ _ _ _ _ _ _ _ _ 

self = <sqlalchemy.dialects.postgresql.pg8000.PGDialect_pg8000 object at 0x108c37990>
cargs = ()
cparams = {'host': 'localhost', 'database': 'research', 'timeout': 2}

    def connect(self, *cargs: Any, **cparams: Any) -> DBAPIConnection:
        # inherits the docstring from interfaces.Dialect.connect
>       return self.loaded_dbapi.connect(*cargs, **cparams)  # type: ignore[no-any-return]  # NOQA: E501
               ^^^^^^^^^^^^^^^^^^^^^^^^^^^^^^^^^^^^^^^^^^^^
E       TypeError: connect() missing 1 required positional argument: 'user'

.venv/lib/python3.11/site-packages/sqlalchemy/engine/default.py:630: TypeError
___ ERROR at setup of test_detects_new_claim_evidence_for_subscribed_claims ____

    @pytest.fixture
    def database_url() -> str:
        url = os.environ.get(
            "AI_RESEARCHER_TEST_DATABASE_URL",
            os.environ.get(
                "DATABASE_URL",
                "postgresql://postgres:issue3@127.0.0.1:55432/ai_researcher_test",
            ),
        )
        engine = create_engine(_pg8000_url(url), connect_args={"timeout": 2})
        try:
>           with engine.connect():
                 ^^^^^^^^^^^^^^^^

tests/test_change_detection.py:47: 
_ _ _ _ _ _ _ _ _ _ _ _ _ _ _ _ _ _ _ _ _ _ _ _ _ _ _ _ _ _ _ _ _ _ _ _ _ _ _ _ 
.venv/lib/python3.11/site-packages/sqlalchemy/engine/base.py:3295: in connect
    return self._connection_cls(self)
           ^^^^^^^^^^^^^^^^^^^^^^^^^^
.venv/lib/python3.11/site-packages/sqlalchemy/engine/base.py:144: in __init__
    self._dbapi_connection = engine.raw_connection()
                             ^^^^^^^^^^^^^^^^^^^^^^^
.venv/lib/python3.11/site-packages/sqlalchemy/engine/base.py:3319: in raw_connection
    return self.pool.connect()
           ^^^^^^^^^^^^^^^^^^^
.venv/lib/python3.11/site-packages/sqlalchemy/pool/base.py:448: in connect
    return _ConnectionFairy._checkout(self)
           ^^^^^^^^^^^^^^^^^^^^^^^^^^^^^^^^
.venv/lib/python3.11/site-packages/sqlalchemy/pool/base.py:1272: in _checkout
    fairy = _ConnectionRecord.checkout(pool)
            ^^^^^^^^^^^^^^^^^^^^^^^^^^^^^^^^
.venv/lib/python3.11/site-packages/sqlalchemy/pool/base.py:712: in checkout
    rec = pool._do_get()
          ^^^^^^^^^^^^^^
.venv/lib/python3.11/site-packages/sqlalchemy/pool/impl.py:178: in _do_get
    with util.safe_reraise():
.venv/lib/python3.11/site-packages/sqlalchemy/util/langhelpers.py:122: in __exit__
    raise exc_value.with_traceback(exc_tb)
.venv/lib/python3.11/site-packages/sqlalchemy/pool/impl.py:176: in _do_get
    return self._create_connection()
           ^^^^^^^^^^^^^^^^^^^^^^^^^
.venv/lib/python3.11/site-packages/sqlalchemy/pool/base.py:389: in _create_connection
    return _ConnectionRecord(self)
           ^^^^^^^^^^^^^^^^^^^^^^^
.venv/lib/python3.11/site-packages/sqlalchemy/pool/base.py:674: in __init__
    self.__connect()
.venv/lib/python3.11/site-packages/sqlalchemy/pool/base.py:900: in __connect
    with util.safe_reraise():
.venv/lib/python3.11/site-packages/sqlalchemy/util/langhelpers.py:122: in __exit__
    raise exc_value.with_traceback(exc_tb)
.venv/lib/python3.11/site-packages/sqlalchemy/pool/base.py:896: in __connect
    self.dbapi_connection = connection = pool._invoke_creator(self)
                                         ^^^^^^^^^^^^^^^^^^^^^^^^^^
.venv/lib/python3.11/site-packages/sqlalchemy/engine/create.py:667: in connect
    return dialect.connect(*cargs_tup, **cparams)
           ^^^^^^^^^^^^^^^^^^^^^^^^^^^^^^^^^^^^^^
_ _ _ _ _ _ _ _ _ _ _ _ _ _ _ _ _ _ _ _ _ _ _ _ _ _ _ _ _ _ _ _ _ _ _ _ _ _ _ _ 

self = <sqlalchemy.dialects.postgresql.pg8000.PGDialect_pg8000 object at 0x10ae29b10>
cargs = ()
cparams = {'host': 'localhost', 'database': 'research', 'timeout': 2}

    def connect(self, *cargs: Any, **cparams: Any) -> DBAPIConnection:
        # inherits the docstring from interfaces.Dialect.connect
>       return self.loaded_dbapi.connect(*cargs, **cparams)  # type: ignore[no-any-return]  # NOQA: E501
               ^^^^^^^^^^^^^^^^^^^^^^^^^^^^^^^^^^^^^^^^^^^^
E       TypeError: connect() missing 1 required positional argument: 'user'

.venv/lib/python3.11/site-packages/sqlalchemy/engine/default.py:630: TypeError
___ ERROR at setup of test_first_refutes_evidence_is_reported_as_stance_flip ___

    @pytest.fixture
    def database_url() -> str:
        url = os.environ.get(
            "AI_RESEARCHER_TEST_DATABASE_URL",
            os.environ.get(
                "DATABASE_URL",
                "postgresql://postgres:issue3@127.0.0.1:55432/ai_researcher_test",
            ),
        )
        engine = create_engine(_pg8000_url(url), connect_args={"timeout": 2})
        try:
>           with engine.connect():
                 ^^^^^^^^^^^^^^^^

tests/test_change_detection.py:47: 
_ _ _ _ _ _ _ _ _ _ _ _ _ _ _ _ _ _ _ _ _ _ _ _ _ _ _ _ _ _ _ _ _ _ _ _ _ _ _ _ 
.venv/lib/python3.11/site-packages/sqlalchemy/engine/base.py:3295: in connect
    return self._connection_cls(self)
           ^^^^^^^^^^^^^^^^^^^^^^^^^^
.venv/lib/python3.11/site-packages/sqlalchemy/engine/base.py:144: in __init__
    self._dbapi_connection = engine.raw_connection()
                             ^^^^^^^^^^^^^^^^^^^^^^^
.venv/lib/python3.11/site-packages/sqlalchemy/engine/base.py:3319: in raw_connection
    return self.pool.connect()
           ^^^^^^^^^^^^^^^^^^^
.venv/lib/python3.11/site-packages/sqlalchemy/pool/base.py:448: in connect
    return _ConnectionFairy._checkout(self)
           ^^^^^^^^^^^^^^^^^^^^^^^^^^^^^^^^
.venv/lib/python3.11/site-packages/sqlalchemy/pool/base.py:1272: in _checkout
    fairy = _ConnectionRecord.checkout(pool)
            ^^^^^^^^^^^^^^^^^^^^^^^^^^^^^^^^
.venv/lib/python3.11/site-packages/sqlalchemy/pool/base.py:712: in checkout
    rec = pool._do_get()
          ^^^^^^^^^^^^^^
.venv/lib/python3.11/site-packages/sqlalchemy/pool/impl.py:178: in _do_get
    with util.safe_reraise():
.venv/lib/python3.11/site-packages/sqlalchemy/util/langhelpers.py:122: in __exit__
    raise exc_value.with_traceback(exc_tb)
.venv/lib/python3.11/site-packages/sqlalchemy/pool/impl.py:176: in _do_get
    return self._create_connection()
           ^^^^^^^^^^^^^^^^^^^^^^^^^
.venv/lib/python3.11/site-packages/sqlalchemy/pool/base.py:389: in _create_connection
    return _ConnectionRecord(self)
           ^^^^^^^^^^^^^^^^^^^^^^^
.venv/lib/python3.11/site-packages/sqlalchemy/pool/base.py:674: in __init__
    self.__connect()
.venv/lib/python3.11/site-packages/sqlalchemy/pool/base.py:900: in __connect
    with util.safe_reraise():
.venv/lib/python3.11/site-packages/sqlalchemy/util/langhelpers.py:122: in __exit__
    raise exc_value.with_traceback(exc_tb)
.venv/lib/python3.11/site-packages/sqlalchemy/pool/base.py:896: in __connect
    self.dbapi_connection = connection = pool._invoke_creator(self)
                                         ^^^^^^^^^^^^^^^^^^^^^^^^^^
.venv/lib/python3.11/site-packages/sqlalchemy/engine/create.py:667: in connect
    return dialect.connect(*cargs_tup, **cparams)
           ^^^^^^^^^^^^^^^^^^^^^^^^^^^^^^^^^^^^^^
_ _ _ _ _ _ _ _ _ _ _ _ _ _ _ _ _ _ _ _ _ _ _ _ _ _ _ _ _ _ _ _ _ _ _ _ _ _ _ _ 

self = <sqlalchemy.dialects.postgresql.pg8000.PGDialect_pg8000 object at 0x10b19c990>
cargs = ()
cparams = {'host': 'localhost', 'database': 'research', 'timeout': 2}

    def connect(self, *cargs: Any, **cparams: Any) -> DBAPIConnection:
        # inherits the docstring from interfaces.Dialect.connect
>       return self.loaded_dbapi.connect(*cargs, **cparams)  # type: ignore[no-any-return]  # NOQA: E501
               ^^^^^^^^^^^^^^^^^^^^^^^^^^^^^^^^^^^^^^^^^^^^
E       TypeError: connect() missing 1 required positional argument: 'user'

.venv/lib/python3.11/site-packages/sqlalchemy/engine/default.py:630: TypeError
__________ ERROR at setup of test_second_refutes_is_not_a_stance_flip __________

    @pytest.fixture
    def database_url() -> str:
        url = os.environ.get(
            "AI_RESEARCHER_TEST_DATABASE_URL",
            os.environ.get(
                "DATABASE_URL",
                "postgresql://postgres:issue3@127.0.0.1:55432/ai_researcher_test",
            ),
        )
        engine = create_engine(_pg8000_url(url), connect_args={"timeout": 2})
        try:
>           with engine.connect():
                 ^^^^^^^^^^^^^^^^

tests/test_change_detection.py:47: 
_ _ _ _ _ _ _ _ _ _ _ _ _ _ _ _ _ _ _ _ _ _ _ _ _ _ _ _ _ _ _ _ _ _ _ _ _ _ _ _ 
.venv/lib/python3.11/site-packages/sqlalchemy/engine/base.py:3295: in connect
    return self._connection_cls(self)
           ^^^^^^^^^^^^^^^^^^^^^^^^^^
.venv/lib/python3.11/site-packages/sqlalchemy/engine/base.py:144: in __init__
    self._dbapi_connection = engine.raw_connection()
                             ^^^^^^^^^^^^^^^^^^^^^^^
.venv/lib/python3.11/site-packages/sqlalchemy/engine/base.py:3319: in raw_connection
    return self.pool.connect()
           ^^^^^^^^^^^^^^^^^^^
.venv/lib/python3.11/site-packages/sqlalchemy/pool/base.py:448: in connect
    return _ConnectionFairy._checkout(self)
           ^^^^^^^^^^^^^^^^^^^^^^^^^^^^^^^^
.venv/lib/python3.11/site-packages/sqlalchemy/pool/base.py:1272: in _checkout
    fairy = _ConnectionRecord.checkout(pool)
            ^^^^^^^^^^^^^^^^^^^^^^^^^^^^^^^^
.venv/lib/python3.11/site-packages/sqlalchemy/pool/base.py:712: in checkout
    rec = pool._do_get()
          ^^^^^^^^^^^^^^
.venv/lib/python3.11/site-packages/sqlalchemy/pool/impl.py:178: in _do_get
    with util.safe_reraise():
.venv/lib/python3.11/site-packages/sqlalchemy/util/langhelpers.py:122: in __exit__
    raise exc_value.with_traceback(exc_tb)
.venv/lib/python3.11/site-packages/sqlalchemy/pool/impl.py:176: in _do_get
    return self._create_connection()
           ^^^^^^^^^^^^^^^^^^^^^^^^^
.venv/lib/python3.11/site-packages/sqlalchemy/pool/base.py:389: in _create_connection
    return _ConnectionRecord(self)
           ^^^^^^^^^^^^^^^^^^^^^^^
.venv/lib/python3.11/site-packages/sqlalchemy/pool/base.py:674: in __init__
    self.__connect()
.venv/lib/python3.11/site-packages/sqlalchemy/pool/base.py:900: in __connect
    with util.safe_reraise():
.venv/lib/python3.11/site-packages/sqlalchemy/util/langhelpers.py:122: in __exit__
    raise exc_value.with_traceback(exc_tb)
.venv/lib/python3.11/site-packages/sqlalchemy/pool/base.py:896: in __connect
    self.dbapi_connection = connection = pool._invoke_creator(self)
                                         ^^^^^^^^^^^^^^^^^^^^^^^^^^
.venv/lib/python3.11/site-packages/sqlalchemy/engine/create.py:667: in connect
    return dialect.connect(*cargs_tup, **cparams)
           ^^^^^^^^^^^^^^^^^^^^^^^^^^^^^^^^^^^^^^
_ _ _ _ _ _ _ _ _ _ _ _ _ _ _ _ _ _ _ _ _ _ _ _ _ _ _ _ _ _ _ _ _ _ _ _ _ _ _ _ 

self = <sqlalchemy.dialects.postgresql.pg8000.PGDialect_pg8000 object at 0x10a828610>
cargs = ()
cparams = {'host': 'localhost', 'database': 'research', 'timeout': 2}

    def connect(self, *cargs: Any, **cparams: Any) -> DBAPIConnection:
        # inherits the docstring from interfaces.Dialect.connect
>       return self.loaded_dbapi.connect(*cargs, **cparams)  # type: ignore[no-any-return]  # NOQA: E501
               ^^^^^^^^^^^^^^^^^^^^^^^^^^^^^^^^^^^^^^^^^^^^
E       TypeError: connect() missing 1 required positional argument: 'user'

.venv/lib/python3.11/site-packages/sqlalchemy/engine/default.py:630: TypeError
_ ERROR at setup of test_score_movement_reports_separate_deltas_beyond_threshold _

    @pytest.fixture
    def database_url() -> str:
        url = os.environ.get(
            "AI_RESEARCHER_TEST_DATABASE_URL",
            os.environ.get(
                "DATABASE_URL",
                "postgresql://postgres:issue3@127.0.0.1:55432/ai_researcher_test",
            ),
        )
        engine = create_engine(_pg8000_url(url), connect_args={"timeout": 2})
        try:
>           with engine.connect():
                 ^^^^^^^^^^^^^^^^

tests/test_change_detection.py:47: 
_ _ _ _ _ _ _ _ _ _ _ _ _ _ _ _ _ _ _ _ _ _ _ _ _ _ _ _ _ _ _ _ _ _ _ _ _ _ _ _ 
.venv/lib/python3.11/site-packages/sqlalchemy/engine/base.py:3295: in connect
    return self._connection_cls(self)
           ^^^^^^^^^^^^^^^^^^^^^^^^^^
.venv/lib/python3.11/site-packages/sqlalchemy/engine/base.py:144: in __init__
    self._dbapi_connection = engine.raw_connection()
                             ^^^^^^^^^^^^^^^^^^^^^^^
.venv/lib/python3.11/site-packages/sqlalchemy/engine/base.py:3319: in raw_connection
    return self.pool.connect()
           ^^^^^^^^^^^^^^^^^^^
.venv/lib/python3.11/site-packages/sqlalchemy/pool/base.py:448: in connect
    return _ConnectionFairy._checkout(self)
           ^^^^^^^^^^^^^^^^^^^^^^^^^^^^^^^^
.venv/lib/python3.11/site-packages/sqlalchemy/pool/base.py:1272: in _checkout
    fairy = _ConnectionRecord.checkout(pool)
            ^^^^^^^^^^^^^^^^^^^^^^^^^^^^^^^^
.venv/lib/python3.11/site-packages/sqlalchemy/pool/base.py:712: in checkout
    rec = pool._do_get()
          ^^^^^^^^^^^^^^
.venv/lib/python3.11/site-packages/sqlalchemy/pool/impl.py:178: in _do_get
    with util.safe_reraise():
.venv/lib/python3.11/site-packages/sqlalchemy/util/langhelpers.py:122: in __exit__
    raise exc_value.with_traceback(exc_tb)
.venv/lib/python3.11/site-packages/sqlalchemy/pool/impl.py:176: in _do_get
    return self._create_connection()
           ^^^^^^^^^^^^^^^^^^^^^^^^^
.venv/lib/python3.11/site-packages/sqlalchemy/pool/base.py:389: in _create_connection
    return _ConnectionRecord(self)
           ^^^^^^^^^^^^^^^^^^^^^^^
.venv/lib/python3.11/site-packages/sqlalchemy/pool/base.py:674: in __init__
    self.__connect()
.venv/lib/python3.11/site-packages/sqlalchemy/pool/base.py:900: in __connect
    with util.safe_reraise():
.venv/lib/python3.11/site-packages/sqlalchemy/util/langhelpers.py:122: in __exit__
    raise exc_value.with_traceback(exc_tb)
.venv/lib/python3.11/site-packages/sqlalchemy/pool/base.py:896: in __connect
    self.dbapi_connection = connection = pool._invoke_creator(self)
                                         ^^^^^^^^^^^^^^^^^^^^^^^^^^
.venv/lib/python3.11/site-packages/sqlalchemy/engine/create.py:667: in connect
    return dialect.connect(*cargs_tup, **cparams)
           ^^^^^^^^^^^^^^^^^^^^^^^^^^^^^^^^^^^^^^
_ _ _ _ _ _ _ _ _ _ _ _ _ _ _ _ _ _ _ _ _ _ _ _ _ _ _ _ _ _ _ _ _ _ _ _ _ _ _ _ 

self = <sqlalchemy.dialects.postgresql.pg8000.PGDialect_pg8000 object at 0x109721f50>
cargs = ()
cparams = {'host': 'localhost', 'database': 'research', 'timeout': 2}

    def connect(self, *cargs: Any, **cparams: Any) -> DBAPIConnection:
        # inherits the docstring from interfaces.Dialect.connect
>       return self.loaded_dbapi.connect(*cargs, **cparams)  # type: ignore[no-any-return]  # NOQA: E501
               ^^^^^^^^^^^^^^^^^^^^^^^^^^^^^^^^^^^^^^^^^^^^
E       TypeError: connect() missing 1 required positional argument: 'user'

.venv/lib/python3.11/site-packages/sqlalchemy/engine/default.py:630: TypeError
_______ ERROR at setup of test_score_movement_below_threshold_is_ignored _______

    @pytest.fixture
    def database_url() -> str:
        url = os.environ.get(
            "AI_RESEARCHER_TEST_DATABASE_URL",
            os.environ.get(
                "DATABASE_URL",
                "postgresql://postgres:issue3@127.0.0.1:55432/ai_researcher_test",
            ),
        )
        engine = create_engine(_pg8000_url(url), connect_args={"timeout": 2})
        try:
>           with engine.connect():
                 ^^^^^^^^^^^^^^^^

tests/test_change_detection.py:47: 
_ _ _ _ _ _ _ _ _ _ _ _ _ _ _ _ _ _ _ _ _ _ _ _ _ _ _ _ _ _ _ _ _ _ _ _ _ _ _ _ 
.venv/lib/python3.11/site-packages/sqlalchemy/engine/base.py:3295: in connect
    return self._connection_cls(self)
           ^^^^^^^^^^^^^^^^^^^^^^^^^^
.venv/lib/python3.11/site-packages/sqlalchemy/engine/base.py:144: in __init__
    self._dbapi_connection = engine.raw_connection()
                             ^^^^^^^^^^^^^^^^^^^^^^^
.venv/lib/python3.11/site-packages/sqlalchemy/engine/base.py:3319: in raw_connection
    return self.pool.connect()
           ^^^^^^^^^^^^^^^^^^^
.venv/lib/python3.11/site-packages/sqlalchemy/pool/base.py:448: in connect
    return _ConnectionFairy._checkout(self)
           ^^^^^^^^^^^^^^^^^^^^^^^^^^^^^^^^
.venv/lib/python3.11/site-packages/sqlalchemy/pool/base.py:1272: in _checkout
    fairy = _ConnectionRecord.checkout(pool)
            ^^^^^^^^^^^^^^^^^^^^^^^^^^^^^^^^
.venv/lib/python3.11/site-packages/sqlalchemy/pool/base.py:712: in checkout
    rec = pool._do_get()
          ^^^^^^^^^^^^^^
.venv/lib/python3.11/site-packages/sqlalchemy/pool/impl.py:178: in _do_get
    with util.safe_reraise():
.venv/lib/python3.11/site-packages/sqlalchemy/util/langhelpers.py:122: in __exit__
    raise exc_value.with_traceback(exc_tb)
.venv/lib/python3.11/site-packages/sqlalchemy/pool/impl.py:176: in _do_get
    return self._create_connection()
           ^^^^^^^^^^^^^^^^^^^^^^^^^
.venv/lib/python3.11/site-packages/sqlalchemy/pool/base.py:389: in _create_connection
    return _ConnectionRecord(self)
           ^^^^^^^^^^^^^^^^^^^^^^^
.venv/lib/python3.11/site-packages/sqlalchemy/pool/base.py:674: in __init__
    self.__connect()
.venv/lib/python3.11/site-packages/sqlalchemy/pool/base.py:900: in __connect
    with util.safe_reraise():
.venv/lib/python3.11/site-packages/sqlalchemy/util/langhelpers.py:122: in __exit__
    raise exc_value.with_traceback(exc_tb)
.venv/lib/python3.11/site-packages/sqlalchemy/pool/base.py:896: in __connect
    self.dbapi_connection = connection = pool._invoke_creator(self)
                                         ^^^^^^^^^^^^^^^^^^^^^^^^^^
.venv/lib/python3.11/site-packages/sqlalchemy/engine/create.py:667: in connect
    return dialect.connect(*cargs_tup, **cparams)
           ^^^^^^^^^^^^^^^^^^^^^^^^^^^^^^^^^^^^^^
_ _ _ _ _ _ _ _ _ _ _ _ _ _ _ _ _ _ _ _ _ _ _ _ _ _ _ _ _ _ _ _ _ _ _ _ _ _ _ _ 

self = <sqlalchemy.dialects.postgresql.pg8000.PGDialect_pg8000 object at 0x108bfe210>
cargs = ()
cparams = {'host': 'localhost', 'database': 'research', 'timeout': 2}

    def connect(self, *cargs: Any, **cparams: Any) -> DBAPIConnection:
        # inherits the docstring from interfaces.Dialect.connect
>       return self.loaded_dbapi.connect(*cargs, **cparams)  # type: ignore[no-any-return]  # NOQA: E501
               ^^^^^^^^^^^^^^^^^^^^^^^^^^^^^^^^^^^^^^^^^^^^
E       TypeError: connect() missing 1 required positional argument: 'user'

.venv/lib/python3.11/site-packages/sqlalchemy/engine/default.py:630: TypeError
______ ERROR at setup of test_pre_baseline_score_delta_is_not_re_reported ______

    @pytest.fixture
    def database_url() -> str:
        url = os.environ.get(
            "AI_RESEARCHER_TEST_DATABASE_URL",
            os.environ.get(
                "DATABASE_URL",
                "postgresql://postgres:issue3@127.0.0.1:55432/ai_researcher_test",
            ),
        )
        engine = create_engine(_pg8000_url(url), connect_args={"timeout": 2})
        try:
>           with engine.connect():
                 ^^^^^^^^^^^^^^^^

tests/test_change_detection.py:47: 
_ _ _ _ _ _ _ _ _ _ _ _ _ _ _ _ _ _ _ _ _ _ _ _ _ _ _ _ _ _ _ _ _ _ _ _ _ _ _ _ 
.venv/lib/python3.11/site-packages/sqlalchemy/engine/base.py:3295: in connect
    return self._connection_cls(self)
           ^^^^^^^^^^^^^^^^^^^^^^^^^^
.venv/lib/python3.11/site-packages/sqlalchemy/engine/base.py:144: in __init__
    self._dbapi_connection = engine.raw_connection()
                             ^^^^^^^^^^^^^^^^^^^^^^^
.venv/lib/python3.11/site-packages/sqlalchemy/engine/base.py:3319: in raw_connection
    return self.pool.connect()
           ^^^^^^^^^^^^^^^^^^^
.venv/lib/python3.11/site-packages/sqlalchemy/pool/base.py:448: in connect
    return _ConnectionFairy._checkout(self)
           ^^^^^^^^^^^^^^^^^^^^^^^^^^^^^^^^
.venv/lib/python3.11/site-packages/sqlalchemy/pool/base.py:1272: in _checkout
    fairy = _ConnectionRecord.checkout(pool)
            ^^^^^^^^^^^^^^^^^^^^^^^^^^^^^^^^
.venv/lib/python3.11/site-packages/sqlalchemy/pool/base.py:712: in checkout
    rec = pool._do_get()
          ^^^^^^^^^^^^^^
.venv/lib/python3.11/site-packages/sqlalchemy/pool/impl.py:178: in _do_get
    with util.safe_reraise():
.venv/lib/python3.11/site-packages/sqlalchemy/util/langhelpers.py:122: in __exit__
    raise exc_value.with_traceback(exc_tb)
.venv/lib/python3.11/site-packages/sqlalchemy/pool/impl.py:176: in _do_get
    return self._create_connection()
           ^^^^^^^^^^^^^^^^^^^^^^^^^
.venv/lib/python3.11/site-packages/sqlalchemy/pool/base.py:389: in _create_connection
    return _ConnectionRecord(self)
           ^^^^^^^^^^^^^^^^^^^^^^^
.venv/lib/python3.11/site-packages/sqlalchemy/pool/base.py:674: in __init__
    self.__connect()
.venv/lib/python3.11/site-packages/sqlalchemy/pool/base.py:900: in __connect
    with util.safe_reraise():
.venv/lib/python3.11/site-packages/sqlalchemy/util/langhelpers.py:122: in __exit__
    raise exc_value.with_traceback(exc_tb)
.venv/lib/python3.11/site-packages/sqlalchemy/pool/base.py:896: in __connect
    self.dbapi_connection = connection = pool._invoke_creator(self)
                                         ^^^^^^^^^^^^^^^^^^^^^^^^^^
.venv/lib/python3.11/site-packages/sqlalchemy/engine/create.py:667: in connect
    return dialect.connect(*cargs_tup, **cparams)
           ^^^^^^^^^^^^^^^^^^^^^^^^^^^^^^^^^^^^^^
_ _ _ _ _ _ _ _ _ _ _ _ _ _ _ _ _ _ _ _ _ _ _ _ _ _ _ _ _ _ _ _ _ _ _ _ _ _ _ _ 

self = <sqlalchemy.dialects.postgresql.pg8000.PGDialect_pg8000 object at 0x109c48c50>
cargs = ()
cparams = {'host': 'localhost', 'database': 'research', 'timeout': 2}

    def connect(self, *cargs: Any, **cparams: Any) -> DBAPIConnection:
        # inherits the docstring from interfaces.Dialect.connect
>       return self.loaded_dbapi.connect(*cargs, **cparams)  # type: ignore[no-any-return]  # NOQA: E501
               ^^^^^^^^^^^^^^^^^^^^^^^^^^^^^^^^^^^^^^^^^^^^
E       TypeError: connect() missing 1 required positional argument: 'user'

.venv/lib/python3.11/site-packages/sqlalchemy/engine/default.py:630: TypeError
_ ERROR at setup of test_score_movement_threshold_defaults_to_ten_and_is_configurable _

    @pytest.fixture
    def database_url() -> str:
        url = os.environ.get(
            "AI_RESEARCHER_TEST_DATABASE_URL",
            os.environ.get(
                "DATABASE_URL",
                "postgresql://postgres:issue3@127.0.0.1:55432/ai_researcher_test",
            ),
        )
        engine = create_engine(_pg8000_url(url), connect_args={"timeout": 2})
        try:
>           with engine.connect():
                 ^^^^^^^^^^^^^^^^

tests/test_change_detection.py:47: 
_ _ _ _ _ _ _ _ _ _ _ _ _ _ _ _ _ _ _ _ _ _ _ _ _ _ _ _ _ _ _ _ _ _ _ _ _ _ _ _ 
.venv/lib/python3.11/site-packages/sqlalchemy/engine/base.py:3295: in connect
    return self._connection_cls(self)
           ^^^^^^^^^^^^^^^^^^^^^^^^^^
.venv/lib/python3.11/site-packages/sqlalchemy/engine/base.py:144: in __init__
    self._dbapi_connection = engine.raw_connection()
                             ^^^^^^^^^^^^^^^^^^^^^^^
.venv/lib/python3.11/site-packages/sqlalchemy/engine/base.py:3319: in raw_connection
    return self.pool.connect()
           ^^^^^^^^^^^^^^^^^^^
.venv/lib/python3.11/site-packages/sqlalchemy/pool/base.py:448: in connect
    return _ConnectionFairy._checkout(self)
           ^^^^^^^^^^^^^^^^^^^^^^^^^^^^^^^^
.venv/lib/python3.11/site-packages/sqlalchemy/pool/base.py:1272: in _checkout
    fairy = _ConnectionRecord.checkout(pool)
            ^^^^^^^^^^^^^^^^^^^^^^^^^^^^^^^^
.venv/lib/python3.11/site-packages/sqlalchemy/pool/base.py:712: in checkout
    rec = pool._do_get()
          ^^^^^^^^^^^^^^
.venv/lib/python3.11/site-packages/sqlalchemy/pool/impl.py:178: in _do_get
    with util.safe_reraise():
.venv/lib/python3.11/site-packages/sqlalchemy/util/langhelpers.py:122: in __exit__
    raise exc_value.with_traceback(exc_tb)
.venv/lib/python3.11/site-packages/sqlalchemy/pool/impl.py:176: in _do_get
    return self._create_connection()
           ^^^^^^^^^^^^^^^^^^^^^^^^^
.venv/lib/python3.11/site-packages/sqlalchemy/pool/base.py:389: in _create_connection
    return _ConnectionRecord(self)
           ^^^^^^^^^^^^^^^^^^^^^^^
.venv/lib/python3.11/site-packages/sqlalchemy/pool/base.py:674: in __init__
    self.__connect()
.venv/lib/python3.11/site-packages/sqlalchemy/pool/base.py:900: in __connect
    with util.safe_reraise():
.venv/lib/python3.11/site-packages/sqlalchemy/util/langhelpers.py:122: in __exit__
    raise exc_value.with_traceback(exc_tb)
.venv/lib/python3.11/site-packages/sqlalchemy/pool/base.py:896: in __connect
    self.dbapi_connection = connection = pool._invoke_creator(self)
                                         ^^^^^^^^^^^^^^^^^^^^^^^^^^
.venv/lib/python3.11/site-packages/sqlalchemy/engine/create.py:667: in connect
    return dialect.connect(*cargs_tup, **cparams)
           ^^^^^^^^^^^^^^^^^^^^^^^^^^^^^^^^^^^^^^
_ _ _ _ _ _ _ _ _ _ _ _ _ _ _ _ _ _ _ _ _ _ _ _ _ _ _ _ _ _ _ _ _ _ _ _ _ _ _ _ 

self = <sqlalchemy.dialects.postgresql.pg8000.PGDialect_pg8000 object at 0x10ae2d310>
cargs = ()
cparams = {'host': 'localhost', 'database': 'research', 'timeout': 2}

    def connect(self, *cargs: Any, **cparams: Any) -> DBAPIConnection:
        # inherits the docstring from interfaces.Dialect.connect
>       return self.loaded_dbapi.connect(*cargs, **cparams)  # type: ignore[no-any-return]  # NOQA: E501
               ^^^^^^^^^^^^^^^^^^^^^^^^^^^^^^^^^^^^^^^^^^^^
E       TypeError: connect() missing 1 required positional argument: 'user'

.venv/lib/python3.11/site-packages/sqlalchemy/engine/default.py:630: TypeError
_ ERROR at setup of test_detects_new_discourse_mentions_for_papers_backing_subscribed_claims _

    @pytest.fixture
    def database_url() -> str:
        url = os.environ.get(
            "AI_RESEARCHER_TEST_DATABASE_URL",
            os.environ.get(
                "DATABASE_URL",
                "postgresql://postgres:issue3@127.0.0.1:55432/ai_researcher_test",
            ),
        )
        engine = create_engine(_pg8000_url(url), connect_args={"timeout": 2})
        try:
>           with engine.connect():
                 ^^^^^^^^^^^^^^^^

tests/test_change_detection.py:47: 
_ _ _ _ _ _ _ _ _ _ _ _ _ _ _ _ _ _ _ _ _ _ _ _ _ _ _ _ _ _ _ _ _ _ _ _ _ _ _ _ 
.venv/lib/python3.11/site-packages/sqlalchemy/engine/base.py:3295: in connect
    return self._connection_cls(self)
           ^^^^^^^^^^^^^^^^^^^^^^^^^^
.venv/lib/python3.11/site-packages/sqlalchemy/engine/base.py:144: in __init__
    self._dbapi_connection = engine.raw_connection()
                             ^^^^^^^^^^^^^^^^^^^^^^^
.venv/lib/python3.11/site-packages/sqlalchemy/engine/base.py:3319: in raw_connection
    return self.pool.connect()
           ^^^^^^^^^^^^^^^^^^^
.venv/lib/python3.11/site-packages/sqlalchemy/pool/base.py:448: in connect
    return _ConnectionFairy._checkout(self)
           ^^^^^^^^^^^^^^^^^^^^^^^^^^^^^^^^
.venv/lib/python3.11/site-packages/sqlalchemy/pool/base.py:1272: in _checkout
    fairy = _ConnectionRecord.checkout(pool)
            ^^^^^^^^^^^^^^^^^^^^^^^^^^^^^^^^
.venv/lib/python3.11/site-packages/sqlalchemy/pool/base.py:712: in checkout
    rec = pool._do_get()
          ^^^^^^^^^^^^^^
.venv/lib/python3.11/site-packages/sqlalchemy/pool/impl.py:178: in _do_get
    with util.safe_reraise():
.venv/lib/python3.11/site-packages/sqlalchemy/util/langhelpers.py:122: in __exit__
    raise exc_value.with_traceback(exc_tb)
.venv/lib/python3.11/site-packages/sqlalchemy/pool/impl.py:176: in _do_get
    return self._create_connection()
           ^^^^^^^^^^^^^^^^^^^^^^^^^
.venv/lib/python3.11/site-packages/sqlalchemy/pool/base.py:389: in _create_connection
    return _ConnectionRecord(self)
           ^^^^^^^^^^^^^^^^^^^^^^^
.venv/lib/python3.11/site-packages/sqlalchemy/pool/base.py:674: in __init__
    self.__connect()
.venv/lib/python3.11/site-packages/sqlalchemy/pool/base.py:900: in __connect
    with util.safe_reraise():
.venv/lib/python3.11/site-packages/sqlalchemy/util/langhelpers.py:122: in __exit__
    raise exc_value.with_traceback(exc_tb)
.venv/lib/python3.11/site-packages/sqlalchemy/pool/base.py:896: in __connect
    self.dbapi_connection = connection = pool._invoke_creator(self)
                                         ^^^^^^^^^^^^^^^^^^^^^^^^^^
.venv/lib/python3.11/site-packages/sqlalchemy/engine/create.py:667: in connect
    return dialect.connect(*cargs_tup, **cparams)
           ^^^^^^^^^^^^^^^^^^^^^^^^^^^^^^^^^^^^^^
_ _ _ _ _ _ _ _ _ _ _ _ _ _ _ _ _ _ _ _ _ _ _ _ _ _ _ _ _ _ _ _ _ _ _ _ _ _ _ _ 

self = <sqlalchemy.dialects.postgresql.pg8000.PGDialect_pg8000 object at 0x109e874d0>
cargs = ()
cparams = {'host': 'localhost', 'database': 'research', 'timeout': 2}

    def connect(self, *cargs: Any, **cparams: Any) -> DBAPIConnection:
        # inherits the docstring from interfaces.Dialect.connect
>       return self.loaded_dbapi.connect(*cargs, **cparams)  # type: ignore[no-any-return]  # NOQA: E501
               ^^^^^^^^^^^^^^^^^^^^^^^^^^^^^^^^^^^^^^^^^^^^
E       TypeError: connect() missing 1 required positional argument: 'user'

.venv/lib/python3.11/site-packages/sqlalchemy/engine/default.py:630: TypeError
_ ERROR at setup of test_canonicalize_preserves_original_claims_and_repoints_all_evidence _

    @pytest.fixture
    def identity_database_url() -> str:
        url = os.environ.get(
            "AI_RESEARCHER_TEST_DATABASE_URL",
            os.environ.get(
                "DATABASE_URL",
                "postgresql://postgres:issue3@127.0.0.1:55432/ai_researcher_test",
            ),
        )
        engine = create_engine(_pg8000_url(url), connect_args={"timeout": 2})
        try:
>           with engine.connect():
                 ^^^^^^^^^^^^^^^^

tests/test_claim_identity.py:34: 
_ _ _ _ _ _ _ _ _ _ _ _ _ _ _ _ _ _ _ _ _ _ _ _ _ _ _ _ _ _ _ _ _ _ _ _ _ _ _ _ 
.venv/lib/python3.11/site-packages/sqlalchemy/engine/base.py:3295: in connect
    return self._connection_cls(self)
           ^^^^^^^^^^^^^^^^^^^^^^^^^^
.venv/lib/python3.11/site-packages/sqlalchemy/engine/base.py:144: in __init__
    self._dbapi_connection = engine.raw_connection()
                             ^^^^^^^^^^^^^^^^^^^^^^^
.venv/lib/python3.11/site-packages/sqlalchemy/engine/base.py:3319: in raw_connection
    return self.pool.connect()
           ^^^^^^^^^^^^^^^^^^^
.venv/lib/python3.11/site-packages/sqlalchemy/pool/base.py:448: in connect
    return _ConnectionFairy._checkout(self)
           ^^^^^^^^^^^^^^^^^^^^^^^^^^^^^^^^
.venv/lib/python3.11/site-packages/sqlalchemy/pool/base.py:1272: in _checkout
    fairy = _ConnectionRecord.checkout(pool)
            ^^^^^^^^^^^^^^^^^^^^^^^^^^^^^^^^
.venv/lib/python3.11/site-packages/sqlalchemy/pool/base.py:712: in checkout
    rec = pool._do_get()
          ^^^^^^^^^^^^^^
.venv/lib/python3.11/site-packages/sqlalchemy/pool/impl.py:178: in _do_get
    with util.safe_reraise():
.venv/lib/python3.11/site-packages/sqlalchemy/util/langhelpers.py:122: in __exit__
    raise exc_value.with_traceback(exc_tb)
.venv/lib/python3.11/site-packages/sqlalchemy/pool/impl.py:176: in _do_get
    return self._create_connection()
           ^^^^^^^^^^^^^^^^^^^^^^^^^
.venv/lib/python3.11/site-packages/sqlalchemy/pool/base.py:389: in _create_connection
    return _ConnectionRecord(self)
           ^^^^^^^^^^^^^^^^^^^^^^^
.venv/lib/python3.11/site-packages/sqlalchemy/pool/base.py:674: in __init__
    self.__connect()
.venv/lib/python3.11/site-packages/sqlalchemy/pool/base.py:900: in __connect
    with util.safe_reraise():
.venv/lib/python3.11/site-packages/sqlalchemy/util/langhelpers.py:122: in __exit__
    raise exc_value.with_traceback(exc_tb)
.venv/lib/python3.11/site-packages/sqlalchemy/pool/base.py:896: in __connect
    self.dbapi_connection = connection = pool._invoke_creator(self)
                                         ^^^^^^^^^^^^^^^^^^^^^^^^^^
.venv/lib/python3.11/site-packages/sqlalchemy/engine/create.py:667: in connect
    return dialect.connect(*cargs_tup, **cparams)
           ^^^^^^^^^^^^^^^^^^^^^^^^^^^^^^^^^^^^^^
_ _ _ _ _ _ _ _ _ _ _ _ _ _ _ _ _ _ _ _ _ _ _ _ _ _ _ _ _ _ _ _ _ _ _ _ _ _ _ _ 

self = <sqlalchemy.dialects.postgresql.pg8000.PGDialect_pg8000 object at 0x10ab5df50>
cargs = ()
cparams = {'host': 'localhost', 'database': 'research', 'timeout': 2}

    def connect(self, *cargs: Any, **cparams: Any) -> DBAPIConnection:
        # inherits the docstring from interfaces.Dialect.connect
>       return self.loaded_dbapi.connect(*cargs, **cparams)  # type: ignore[no-any-return]  # NOQA: E501
               ^^^^^^^^^^^^^^^^^^^^^^^^^^^^^^^^^^^^^^^^^^^^
E       TypeError: connect() missing 1 required positional argument: 'user'

.venv/lib/python3.11/site-packages/sqlalchemy/engine/default.py:630: TypeError
_ ERROR at setup of test_negative_identity_decision_is_not_repeated_on_unchanged_rerun _

    @pytest.fixture
    def identity_database_url() -> str:
        url = os.environ.get(
            "AI_RESEARCHER_TEST_DATABASE_URL",
            os.environ.get(
                "DATABASE_URL",
                "postgresql://postgres:issue3@127.0.0.1:55432/ai_researcher_test",
            ),
        )
        engine = create_engine(_pg8000_url(url), connect_args={"timeout": 2})
        try:
>           with engine.connect():
                 ^^^^^^^^^^^^^^^^

tests/test_claim_identity.py:34: 
_ _ _ _ _ _ _ _ _ _ _ _ _ _ _ _ _ _ _ _ _ _ _ _ _ _ _ _ _ _ _ _ _ _ _ _ _ _ _ _ 
.venv/lib/python3.11/site-packages/sqlalchemy/engine/base.py:3295: in connect
    return self._connection_cls(self)
           ^^^^^^^^^^^^^^^^^^^^^^^^^^
.venv/lib/python3.11/site-packages/sqlalchemy/engine/base.py:144: in __init__
    self._dbapi_connection = engine.raw_connection()
                             ^^^^^^^^^^^^^^^^^^^^^^^
.venv/lib/python3.11/site-packages/sqlalchemy/engine/base.py:3319: in raw_connection
    return self.pool.connect()
           ^^^^^^^^^^^^^^^^^^^
.venv/lib/python3.11/site-packages/sqlalchemy/pool/base.py:448: in connect
    return _ConnectionFairy._checkout(self)
           ^^^^^^^^^^^^^^^^^^^^^^^^^^^^^^^^
.venv/lib/python3.11/site-packages/sqlalchemy/pool/base.py:1272: in _checkout
    fairy = _ConnectionRecord.checkout(pool)
            ^^^^^^^^^^^^^^^^^^^^^^^^^^^^^^^^
.venv/lib/python3.11/site-packages/sqlalchemy/pool/base.py:712: in checkout
    rec = pool._do_get()
          ^^^^^^^^^^^^^^
.venv/lib/python3.11/site-packages/sqlalchemy/pool/impl.py:178: in _do_get
    with util.safe_reraise():
.venv/lib/python3.11/site-packages/sqlalchemy/util/langhelpers.py:122: in __exit__
    raise exc_value.with_traceback(exc_tb)
.venv/lib/python3.11/site-packages/sqlalchemy/pool/impl.py:176: in _do_get
    return self._create_connection()
           ^^^^^^^^^^^^^^^^^^^^^^^^^
.venv/lib/python3.11/site-packages/sqlalchemy/pool/base.py:389: in _create_connection
    return _ConnectionRecord(self)
           ^^^^^^^^^^^^^^^^^^^^^^^
.venv/lib/python3.11/site-packages/sqlalchemy/pool/base.py:674: in __init__
    self.__connect()
.venv/lib/python3.11/site-packages/sqlalchemy/pool/base.py:900: in __connect
    with util.safe_reraise():
.venv/lib/python3.11/site-packages/sqlalchemy/util/langhelpers.py:122: in __exit__
    raise exc_value.with_traceback(exc_tb)
.venv/lib/python3.11/site-packages/sqlalchemy/pool/base.py:896: in __connect
    self.dbapi_connection = connection = pool._invoke_creator(self)
                                         ^^^^^^^^^^^^^^^^^^^^^^^^^^
.venv/lib/python3.11/site-packages/sqlalchemy/engine/create.py:667: in connect
    return dialect.connect(*cargs_tup, **cparams)
           ^^^^^^^^^^^^^^^^^^^^^^^^^^^^^^^^^^^^^^
_ _ _ _ _ _ _ _ _ _ _ _ _ _ _ _ _ _ _ _ _ _ _ _ _ _ _ _ _ _ _ _ _ _ _ _ _ _ _ _ 

self = <sqlalchemy.dialects.postgresql.pg8000.PGDialect_pg8000 object at 0x10a6adf50>
cargs = ()
cparams = {'host': 'localhost', 'database': 'research', 'timeout': 2}

    def connect(self, *cargs: Any, **cparams: Any) -> DBAPIConnection:
        # inherits the docstring from interfaces.Dialect.connect
>       return self.loaded_dbapi.connect(*cargs, **cparams)  # type: ignore[no-any-return]  # NOQA: E501
               ^^^^^^^^^^^^^^^^^^^^^^^^^^^^^^^^^^^^^^^^^^^^
E       TypeError: connect() missing 1 required positional argument: 'user'

.venv/lib/python3.11/site-packages/sqlalchemy/engine/default.py:630: TypeError
_ ERROR at setup of test_merging_existing_canonical_roots_repoints_descendants_to_final_root _

    @pytest.fixture
    def identity_database_url() -> str:
        url = os.environ.get(
            "AI_RESEARCHER_TEST_DATABASE_URL",
            os.environ.get(
                "DATABASE_URL",
                "postgresql://postgres:issue3@127.0.0.1:55432/ai_researcher_test",
            ),
        )
        engine = create_engine(_pg8000_url(url), connect_args={"timeout": 2})
        try:
>           with engine.connect():
                 ^^^^^^^^^^^^^^^^

tests/test_claim_identity.py:34: 
_ _ _ _ _ _ _ _ _ _ _ _ _ _ _ _ _ _ _ _ _ _ _ _ _ _ _ _ _ _ _ _ _ _ _ _ _ _ _ _ 
.venv/lib/python3.11/site-packages/sqlalchemy/engine/base.py:3295: in connect
    return self._connection_cls(self)
           ^^^^^^^^^^^^^^^^^^^^^^^^^^
.venv/lib/python3.11/site-packages/sqlalchemy/engine/base.py:144: in __init__
    self._dbapi_connection = engine.raw_connection()
                             ^^^^^^^^^^^^^^^^^^^^^^^
.venv/lib/python3.11/site-packages/sqlalchemy/engine/base.py:3319: in raw_connection
    return self.pool.connect()
           ^^^^^^^^^^^^^^^^^^^
.venv/lib/python3.11/site-packages/sqlalchemy/pool/base.py:448: in connect
    return _ConnectionFairy._checkout(self)
           ^^^^^^^^^^^^^^^^^^^^^^^^^^^^^^^^
.venv/lib/python3.11/site-packages/sqlalchemy/pool/base.py:1272: in _checkout
    fairy = _ConnectionRecord.checkout(pool)
            ^^^^^^^^^^^^^^^^^^^^^^^^^^^^^^^^
.venv/lib/python3.11/site-packages/sqlalchemy/pool/base.py:712: in checkout
    rec = pool._do_get()
          ^^^^^^^^^^^^^^
.venv/lib/python3.11/site-packages/sqlalchemy/pool/impl.py:178: in _do_get
    with util.safe_reraise():
.venv/lib/python3.11/site-packages/sqlalchemy/util/langhelpers.py:122: in __exit__
    raise exc_value.with_traceback(exc_tb)
.venv/lib/python3.11/site-packages/sqlalchemy/pool/impl.py:176: in _do_get
    return self._create_connection()
           ^^^^^^^^^^^^^^^^^^^^^^^^^
.venv/lib/python3.11/site-packages/sqlalchemy/pool/base.py:389: in _create_connection
    return _ConnectionRecord(self)
           ^^^^^^^^^^^^^^^^^^^^^^^
.venv/lib/python3.11/site-packages/sqlalchemy/pool/base.py:674: in __init__
    self.__connect()
.venv/lib/python3.11/site-packages/sqlalchemy/pool/base.py:900: in __connect
    with util.safe_reraise():
.venv/lib/python3.11/site-packages/sqlalchemy/util/langhelpers.py:122: in __exit__
    raise exc_value.with_traceback(exc_tb)
.venv/lib/python3.11/site-packages/sqlalchemy/pool/base.py:896: in __connect
    self.dbapi_connection = connection = pool._invoke_creator(self)
                                         ^^^^^^^^^^^^^^^^^^^^^^^^^^
.venv/lib/python3.11/site-packages/sqlalchemy/engine/create.py:667: in connect
    return dialect.connect(*cargs_tup, **cparams)
           ^^^^^^^^^^^^^^^^^^^^^^^^^^^^^^^^^^^^^^
_ _ _ _ _ _ _ _ _ _ _ _ _ _ _ _ _ _ _ _ _ _ _ _ _ _ _ _ _ _ _ _ _ _ _ _ _ _ _ _ 

self = <sqlalchemy.dialects.postgresql.pg8000.PGDialect_pg8000 object at 0x10a554d50>
cargs = ()
cparams = {'host': 'localhost', 'database': 'research', 'timeout': 2}

    def connect(self, *cargs: Any, **cparams: Any) -> DBAPIConnection:
        # inherits the docstring from interfaces.Dialect.connect
>       return self.loaded_dbapi.connect(*cargs, **cparams)  # type: ignore[no-any-return]  # NOQA: E501
               ^^^^^^^^^^^^^^^^^^^^^^^^^^^^^^^^^^^^^^^^^^^^
E       TypeError: connect() missing 1 required positional argument: 'user'

.venv/lib/python3.11/site-packages/sqlalchemy/engine/default.py:630: TypeError
_____ ERROR at setup of test_extract_rerun_does_no_identity_or_stance_work _____

    @pytest.fixture
    def identity_database_url() -> str:
        url = os.environ.get(
            "AI_RESEARCHER_TEST_DATABASE_URL",
            os.environ.get(
                "DATABASE_URL",
                "postgresql://postgres:issue3@127.0.0.1:55432/ai_researcher_test",
            ),
        )
        engine = create_engine(_pg8000_url(url), connect_args={"timeout": 2})
        try:
>           with engine.connect():
                 ^^^^^^^^^^^^^^^^

tests/test_claim_identity.py:34: 
_ _ _ _ _ _ _ _ _ _ _ _ _ _ _ _ _ _ _ _ _ _ _ _ _ _ _ _ _ _ _ _ _ _ _ _ _ _ _ _ 
.venv/lib/python3.11/site-packages/sqlalchemy/engine/base.py:3295: in connect
    return self._connection_cls(self)
           ^^^^^^^^^^^^^^^^^^^^^^^^^^
.venv/lib/python3.11/site-packages/sqlalchemy/engine/base.py:144: in __init__
    self._dbapi_connection = engine.raw_connection()
                             ^^^^^^^^^^^^^^^^^^^^^^^
.venv/lib/python3.11/site-packages/sqlalchemy/engine/base.py:3319: in raw_connection
    return self.pool.connect()
           ^^^^^^^^^^^^^^^^^^^
.venv/lib/python3.11/site-packages/sqlalchemy/pool/base.py:448: in connect
    return _ConnectionFairy._checkout(self)
           ^^^^^^^^^^^^^^^^^^^^^^^^^^^^^^^^
.venv/lib/python3.11/site-packages/sqlalchemy/pool/base.py:1272: in _checkout
    fairy = _ConnectionRecord.checkout(pool)
            ^^^^^^^^^^^^^^^^^^^^^^^^^^^^^^^^
.venv/lib/python3.11/site-packages/sqlalchemy/pool/base.py:712: in checkout
    rec = pool._do_get()
          ^^^^^^^^^^^^^^
.venv/lib/python3.11/site-packages/sqlalchemy/pool/impl.py:178: in _do_get
    with util.safe_reraise():
.venv/lib/python3.11/site-packages/sqlalchemy/util/langhelpers.py:122: in __exit__
    raise exc_value.with_traceback(exc_tb)
.venv/lib/python3.11/site-packages/sqlalchemy/pool/impl.py:176: in _do_get
    return self._create_connection()
           ^^^^^^^^^^^^^^^^^^^^^^^^^
.venv/lib/python3.11/site-packages/sqlalchemy/pool/base.py:389: in _create_connection
    return _ConnectionRecord(self)
           ^^^^^^^^^^^^^^^^^^^^^^^
.venv/lib/python3.11/site-packages/sqlalchemy/pool/base.py:674: in __init__
    self.__connect()
.venv/lib/python3.11/site-packages/sqlalchemy/pool/base.py:900: in __connect
    with util.safe_reraise():
.venv/lib/python3.11/site-packages/sqlalchemy/util/langhelpers.py:122: in __exit__
    raise exc_value.with_traceback(exc_tb)
.venv/lib/python3.11/site-packages/sqlalchemy/pool/base.py:896: in __connect
    self.dbapi_connection = connection = pool._invoke_creator(self)
                                         ^^^^^^^^^^^^^^^^^^^^^^^^^^
.venv/lib/python3.11/site-packages/sqlalchemy/engine/create.py:667: in connect
    return dialect.connect(*cargs_tup, **cparams)
           ^^^^^^^^^^^^^^^^^^^^^^^^^^^^^^^^^^^^^^
_ _ _ _ _ _ _ _ _ _ _ _ _ _ _ _ _ _ _ _ _ _ _ _ _ _ _ _ _ _ _ _ _ _ _ _ _ _ _ _ 

self = <sqlalchemy.dialects.postgresql.pg8000.PGDialect_pg8000 object at 0x109e721d0>
cargs = ()
cparams = {'host': 'localhost', 'database': 'research', 'timeout': 2}

    def connect(self, *cargs: Any, **cparams: Any) -> DBAPIConnection:
        # inherits the docstring from interfaces.Dialect.connect
>       return self.loaded_dbapi.connect(*cargs, **cparams)  # type: ignore[no-any-return]  # NOQA: E501
               ^^^^^^^^^^^^^^^^^^^^^^^^^^^^^^^^^^^^^^^^^^^^
E       TypeError: connect() missing 1 required positional argument: 'user'

.venv/lib/python3.11/site-packages/sqlalchemy/engine/default.py:630: TypeError
_ ERROR at setup of test_default_dedup_refreshes_scores_created_by_prior_no_dedup_run _

    @pytest.fixture
    def confidence_database_url() -> str:
        url = os.environ.get(
            "AI_RESEARCHER_TEST_DATABASE_URL",
            os.environ.get(
                "DATABASE_URL",
                "postgresql://postgres:issue3@127.0.0.1:55432/ai_researcher_test",
            ),
        )
        engine = create_engine(_pg8000_url(url), connect_args={"timeout": 2})
        try:
>           with engine.connect():
                 ^^^^^^^^^^^^^^^^

tests/test_confidence.py:38: 
_ _ _ _ _ _ _ _ _ _ _ _ _ _ _ _ _ _ _ _ _ _ _ _ _ _ _ _ _ _ _ _ _ _ _ _ _ _ _ _ 
.venv/lib/python3.11/site-packages/sqlalchemy/engine/base.py:3295: in connect
    return self._connection_cls(self)
           ^^^^^^^^^^^^^^^^^^^^^^^^^^
.venv/lib/python3.11/site-packages/sqlalchemy/engine/base.py:144: in __init__
    self._dbapi_connection = engine.raw_connection()
                             ^^^^^^^^^^^^^^^^^^^^^^^
.venv/lib/python3.11/site-packages/sqlalchemy/engine/base.py:3319: in raw_connection
    return self.pool.connect()
           ^^^^^^^^^^^^^^^^^^^
.venv/lib/python3.11/site-packages/sqlalchemy/pool/base.py:448: in connect
    return _ConnectionFairy._checkout(self)
           ^^^^^^^^^^^^^^^^^^^^^^^^^^^^^^^^
.venv/lib/python3.11/site-packages/sqlalchemy/pool/base.py:1272: in _checkout
    fairy = _ConnectionRecord.checkout(pool)
            ^^^^^^^^^^^^^^^^^^^^^^^^^^^^^^^^
.venv/lib/python3.11/site-packages/sqlalchemy/pool/base.py:712: in checkout
    rec = pool._do_get()
          ^^^^^^^^^^^^^^
.venv/lib/python3.11/site-packages/sqlalchemy/pool/impl.py:178: in _do_get
    with util.safe_reraise():
.venv/lib/python3.11/site-packages/sqlalchemy/util/langhelpers.py:122: in __exit__
    raise exc_value.with_traceback(exc_tb)
.venv/lib/python3.11/site-packages/sqlalchemy/pool/impl.py:176: in _do_get
    return self._create_connection()
           ^^^^^^^^^^^^^^^^^^^^^^^^^
.venv/lib/python3.11/site-packages/sqlalchemy/pool/base.py:389: in _create_connection
    return _ConnectionRecord(self)
           ^^^^^^^^^^^^^^^^^^^^^^^
.venv/lib/python3.11/site-packages/sqlalchemy/pool/base.py:674: in __init__
    self.__connect()
.venv/lib/python3.11/site-packages/sqlalchemy/pool/base.py:900: in __connect
    with util.safe_reraise():
.venv/lib/python3.11/site-packages/sqlalchemy/util/langhelpers.py:122: in __exit__
    raise exc_value.with_traceback(exc_tb)
.venv/lib/python3.11/site-packages/sqlalchemy/pool/base.py:896: in __connect
    self.dbapi_connection = connection = pool._invoke_creator(self)
                                         ^^^^^^^^^^^^^^^^^^^^^^^^^^
.venv/lib/python3.11/site-packages/sqlalchemy/engine/create.py:667: in connect
    return dialect.connect(*cargs_tup, **cparams)
           ^^^^^^^^^^^^^^^^^^^^^^^^^^^^^^^^^^^^^^
_ _ _ _ _ _ _ _ _ _ _ _ _ _ _ _ _ _ _ _ _ _ _ _ _ _ _ _ _ _ _ _ _ _ _ _ _ _ _ _ 

self = <sqlalchemy.dialects.postgresql.pg8000.PGDialect_pg8000 object at 0x10b536d50>
cargs = ()
cparams = {'host': 'localhost', 'database': 'research', 'timeout': 2}

    def connect(self, *cargs: Any, **cparams: Any) -> DBAPIConnection:
        # inherits the docstring from interfaces.Dialect.connect
>       return self.loaded_dbapi.connect(*cargs, **cparams)  # type: ignore[no-any-return]  # NOQA: E501
               ^^^^^^^^^^^^^^^^^^^^^^^^^^^^^^^^^^^^^^^^^^^^
E       TypeError: connect() missing 1 required positional argument: 'user'

.venv/lib/python3.11/site-packages/sqlalchemy/engine/default.py:630: TypeError
_ ERROR at setup of test_discourse_migration_applies_and_enforces_constraints __

    @pytest.fixture
    def database_url() -> str:
        url = os.environ.get(
            "AI_RESEARCHER_TEST_DATABASE_URL",
            os.environ.get(
                "DATABASE_URL",
                "postgresql://postgres:issue3@127.0.0.1:55432/ai_researcher_test",
            ),
        )
        engine = create_engine(_pg8000_url(url), connect_args={"timeout": 2})
        try:
>           with engine.connect():
                 ^^^^^^^^^^^^^^^^

tests/test_discourse_schema.py:83: 
_ _ _ _ _ _ _ _ _ _ _ _ _ _ _ _ _ _ _ _ _ _ _ _ _ _ _ _ _ _ _ _ _ _ _ _ _ _ _ _ 
.venv/lib/python3.11/site-packages/sqlalchemy/engine/base.py:3295: in connect
    return self._connection_cls(self)
           ^^^^^^^^^^^^^^^^^^^^^^^^^^
.venv/lib/python3.11/site-packages/sqlalchemy/engine/base.py:144: in __init__
    self._dbapi_connection = engine.raw_connection()
                             ^^^^^^^^^^^^^^^^^^^^^^^
.venv/lib/python3.11/site-packages/sqlalchemy/engine/base.py:3319: in raw_connection
    return self.pool.connect()
           ^^^^^^^^^^^^^^^^^^^
.venv/lib/python3.11/site-packages/sqlalchemy/pool/base.py:448: in connect
    return _ConnectionFairy._checkout(self)
           ^^^^^^^^^^^^^^^^^^^^^^^^^^^^^^^^
.venv/lib/python3.11/site-packages/sqlalchemy/pool/base.py:1272: in _checkout
    fairy = _ConnectionRecord.checkout(pool)
            ^^^^^^^^^^^^^^^^^^^^^^^^^^^^^^^^
.venv/lib/python3.11/site-packages/sqlalchemy/pool/base.py:712: in checkout
    rec = pool._do_get()
          ^^^^^^^^^^^^^^
.venv/lib/python3.11/site-packages/sqlalchemy/pool/impl.py:178: in _do_get
    with util.safe_reraise():
.venv/lib/python3.11/site-packages/sqlalchemy/util/langhelpers.py:122: in __exit__
    raise exc_value.with_traceback(exc_tb)
.venv/lib/python3.11/site-packages/sqlalchemy/pool/impl.py:176: in _do_get
    return self._create_connection()
           ^^^^^^^^^^^^^^^^^^^^^^^^^
.venv/lib/python3.11/site-packages/sqlalchemy/pool/base.py:389: in _create_connection
    return _ConnectionRecord(self)
           ^^^^^^^^^^^^^^^^^^^^^^^
.venv/lib/python3.11/site-packages/sqlalchemy/pool/base.py:674: in __init__
    self.__connect()
.venv/lib/python3.11/site-packages/sqlalchemy/pool/base.py:900: in __connect
    with util.safe_reraise():
.venv/lib/python3.11/site-packages/sqlalchemy/util/langhelpers.py:122: in __exit__
    raise exc_value.with_traceback(exc_tb)
.venv/lib/python3.11/site-packages/sqlalchemy/pool/base.py:896: in __connect
    self.dbapi_connection = connection = pool._invoke_creator(self)
                                         ^^^^^^^^^^^^^^^^^^^^^^^^^^
.venv/lib/python3.11/site-packages/sqlalchemy/engine/create.py:667: in connect
    return dialect.connect(*cargs_tup, **cparams)
           ^^^^^^^^^^^^^^^^^^^^^^^^^^^^^^^^^^^^^^
_ _ _ _ _ _ _ _ _ _ _ _ _ _ _ _ _ _ _ _ _ _ _ _ _ _ _ _ _ _ _ _ _ _ _ _ _ _ _ _ 

self = <sqlalchemy.dialects.postgresql.pg8000.PGDialect_pg8000 object at 0x10b78b6d0>
cargs = ()
cparams = {'host': 'localhost', 'database': 'research', 'timeout': 2}

    def connect(self, *cargs: Any, **cparams: Any) -> DBAPIConnection:
        # inherits the docstring from interfaces.Dialect.connect
>       return self.loaded_dbapi.connect(*cargs, **cparams)  # type: ignore[no-any-return]  # NOQA: E501
               ^^^^^^^^^^^^^^^^^^^^^^^^^^^^^^^^^^^^^^^^^^^^
E       TypeError: connect() missing 1 required positional argument: 'user'

.venv/lib/python3.11/site-packages/sqlalchemy/engine/default.py:630: TypeError
_ ERROR at setup of test_clean_poll_writes_sweep_run_stores_mentions_advances_last_polled _

    @pytest.fixture
    def database_url() -> str:
        url = os.environ.get(
            "AI_RESEARCHER_TEST_DATABASE_URL",
            os.environ.get(
                "DATABASE_URL",
                "postgresql://postgres:issue3@127.0.0.1:55432/ai_researcher_test",
            ),
        )
        engine = create_engine(_pg8000_url(url), connect_args={"timeout": 2})
        try:
>           with engine.connect():
                 ^^^^^^^^^^^^^^^^

tests/test_discourse_sweep.py:45: 
_ _ _ _ _ _ _ _ _ _ _ _ _ _ _ _ _ _ _ _ _ _ _ _ _ _ _ _ _ _ _ _ _ _ _ _ _ _ _ _ 
.venv/lib/python3.11/site-packages/sqlalchemy/engine/base.py:3295: in connect
    return self._connection_cls(self)
           ^^^^^^^^^^^^^^^^^^^^^^^^^^
.venv/lib/python3.11/site-packages/sqlalchemy/engine/base.py:144: in __init__
    self._dbapi_connection = engine.raw_connection()
                             ^^^^^^^^^^^^^^^^^^^^^^^
.venv/lib/python3.11/site-packages/sqlalchemy/engine/base.py:3319: in raw_connection
    return self.pool.connect()
           ^^^^^^^^^^^^^^^^^^^
.venv/lib/python3.11/site-packages/sqlalchemy/pool/base.py:448: in connect
    return _ConnectionFairy._checkout(self)
           ^^^^^^^^^^^^^^^^^^^^^^^^^^^^^^^^
.venv/lib/python3.11/site-packages/sqlalchemy/pool/base.py:1272: in _checkout
    fairy = _ConnectionRecord.checkout(pool)
            ^^^^^^^^^^^^^^^^^^^^^^^^^^^^^^^^
.venv/lib/python3.11/site-packages/sqlalchemy/pool/base.py:712: in checkout
    rec = pool._do_get()
          ^^^^^^^^^^^^^^
.venv/lib/python3.11/site-packages/sqlalchemy/pool/impl.py:178: in _do_get
    with util.safe_reraise():
.venv/lib/python3.11/site-packages/sqlalchemy/util/langhelpers.py:122: in __exit__
    raise exc_value.with_traceback(exc_tb)
.venv/lib/python3.11/site-packages/sqlalchemy/pool/impl.py:176: in _do_get
    return self._create_connection()
           ^^^^^^^^^^^^^^^^^^^^^^^^^
.venv/lib/python3.11/site-packages/sqlalchemy/pool/base.py:389: in _create_connection
    return _ConnectionRecord(self)
           ^^^^^^^^^^^^^^^^^^^^^^^
.venv/lib/python3.11/site-packages/sqlalchemy/pool/base.py:674: in __init__
    self.__connect()
.venv/lib/python3.11/site-packages/sqlalchemy/pool/base.py:900: in __connect
    with util.safe_reraise():
.venv/lib/python3.11/site-packages/sqlalchemy/util/langhelpers.py:122: in __exit__
    raise exc_value.with_traceback(exc_tb)
.venv/lib/python3.11/site-packages/sqlalchemy/pool/base.py:896: in __connect
    self.dbapi_connection = connection = pool._invoke_creator(self)
                                         ^^^^^^^^^^^^^^^^^^^^^^^^^^
.venv/lib/python3.11/site-packages/sqlalchemy/engine/create.py:667: in connect
    return dialect.connect(*cargs_tup, **cparams)
           ^^^^^^^^^^^^^^^^^^^^^^^^^^^^^^^^^^^^^^
_ _ _ _ _ _ _ _ _ _ _ _ _ _ _ _ _ _ _ _ _ _ _ _ _ _ _ _ _ _ _ _ _ _ _ _ _ _ _ _ 

self = <sqlalchemy.dialects.postgresql.pg8000.PGDialect_pg8000 object at 0x10ba081d0>
cargs = ()
cparams = {'host': 'localhost', 'database': 'research', 'timeout': 2}

    def connect(self, *cargs: Any, **cparams: Any) -> DBAPIConnection:
        # inherits the docstring from interfaces.Dialect.connect
>       return self.loaded_dbapi.connect(*cargs, **cparams)  # type: ignore[no-any-return]  # NOQA: E501
               ^^^^^^^^^^^^^^^^^^^^^^^^^^^^^^^^^^^^^^^^^^^^
E       TypeError: connect() missing 1 required positional argument: 'user'

.venv/lib/python3.11/site-packages/sqlalchemy/engine/default.py:630: TypeError
_________ ERROR at setup of test_repeat_poll_adds_zero_duplicate_items _________

    @pytest.fixture
    def database_url() -> str:
        url = os.environ.get(
            "AI_RESEARCHER_TEST_DATABASE_URL",
            os.environ.get(
                "DATABASE_URL",
                "postgresql://postgres:issue3@127.0.0.1:55432/ai_researcher_test",
            ),
        )
        engine = create_engine(_pg8000_url(url), connect_args={"timeout": 2})
        try:
>           with engine.connect():
                 ^^^^^^^^^^^^^^^^

tests/test_discourse_sweep.py:45: 
_ _ _ _ _ _ _ _ _ _ _ _ _ _ _ _ _ _ _ _ _ _ _ _ _ _ _ _ _ _ _ _ _ _ _ _ _ _ _ _ 
.venv/lib/python3.11/site-packages/sqlalchemy/engine/base.py:3295: in connect
    return self._connection_cls(self)
           ^^^^^^^^^^^^^^^^^^^^^^^^^^
.venv/lib/python3.11/site-packages/sqlalchemy/engine/base.py:144: in __init__
    self._dbapi_connection = engine.raw_connection()
                             ^^^^^^^^^^^^^^^^^^^^^^^
.venv/lib/python3.11/site-packages/sqlalchemy/engine/base.py:3319: in raw_connection
    return self.pool.connect()
           ^^^^^^^^^^^^^^^^^^^
.venv/lib/python3.11/site-packages/sqlalchemy/pool/base.py:448: in connect
    return _ConnectionFairy._checkout(self)
           ^^^^^^^^^^^^^^^^^^^^^^^^^^^^^^^^
.venv/lib/python3.11/site-packages/sqlalchemy/pool/base.py:1272: in _checkout
    fairy = _ConnectionRecord.checkout(pool)
            ^^^^^^^^^^^^^^^^^^^^^^^^^^^^^^^^
.venv/lib/python3.11/site-packages/sqlalchemy/pool/base.py:712: in checkout
    rec = pool._do_get()
          ^^^^^^^^^^^^^^
.venv/lib/python3.11/site-packages/sqlalchemy/pool/impl.py:178: in _do_get
    with util.safe_reraise():
.venv/lib/python3.11/site-packages/sqlalchemy/util/langhelpers.py:122: in __exit__
    raise exc_value.with_traceback(exc_tb)
.venv/lib/python3.11/site-packages/sqlalchemy/pool/impl.py:176: in _do_get
    return self._create_connection()
           ^^^^^^^^^^^^^^^^^^^^^^^^^
.venv/lib/python3.11/site-packages/sqlalchemy/pool/base.py:389: in _create_connection
    return _ConnectionRecord(self)
           ^^^^^^^^^^^^^^^^^^^^^^^
.venv/lib/python3.11/site-packages/sqlalchemy/pool/base.py:674: in __init__
    self.__connect()
.venv/lib/python3.11/site-packages/sqlalchemy/pool/base.py:900: in __connect
    with util.safe_reraise():
.venv/lib/python3.11/site-packages/sqlalchemy/util/langhelpers.py:122: in __exit__
    raise exc_value.with_traceback(exc_tb)
.venv/lib/python3.11/site-packages/sqlalchemy/pool/base.py:896: in __connect
    self.dbapi_connection = connection = pool._invoke_creator(self)
                                         ^^^^^^^^^^^^^^^^^^^^^^^^^^
.venv/lib/python3.11/site-packages/sqlalchemy/engine/create.py:667: in connect
    return dialect.connect(*cargs_tup, **cparams)
           ^^^^^^^^^^^^^^^^^^^^^^^^^^^^^^^^^^^^^^
_ _ _ _ _ _ _ _ _ _ _ _ _ _ _ _ _ _ _ _ _ _ _ _ _ _ _ _ _ _ _ _ _ _ _ _ _ _ _ _ 

self = <sqlalchemy.dialects.postgresql.pg8000.PGDialect_pg8000 object at 0x10b8849d0>
cargs = ()
cparams = {'host': 'localhost', 'database': 'research', 'timeout': 2}

    def connect(self, *cargs: Any, **cparams: Any) -> DBAPIConnection:
        # inherits the docstring from interfaces.Dialect.connect
>       return self.loaded_dbapi.connect(*cargs, **cparams)  # type: ignore[no-any-return]  # NOQA: E501
               ^^^^^^^^^^^^^^^^^^^^^^^^^^^^^^^^^^^^^^^^^^^^
E       TypeError: connect() missing 1 required positional argument: 'user'

.venv/lib/python3.11/site-packages/sqlalchemy/engine/default.py:630: TypeError
_____ ERROR at setup of test_failing_source_recorded_while_others_complete _____

    @pytest.fixture
    def database_url() -> str:
        url = os.environ.get(
            "AI_RESEARCHER_TEST_DATABASE_URL",
            os.environ.get(
                "DATABASE_URL",
                "postgresql://postgres:issue3@127.0.0.1:55432/ai_researcher_test",
            ),
        )
        engine = create_engine(_pg8000_url(url), connect_args={"timeout": 2})
        try:
>           with engine.connect():
                 ^^^^^^^^^^^^^^^^

tests/test_discourse_sweep.py:45: 
_ _ _ _ _ _ _ _ _ _ _ _ _ _ _ _ _ _ _ _ _ _ _ _ _ _ _ _ _ _ _ _ _ _ _ _ _ _ _ _ 
.venv/lib/python3.11/site-packages/sqlalchemy/engine/base.py:3295: in connect
    return self._connection_cls(self)
           ^^^^^^^^^^^^^^^^^^^^^^^^^^
.venv/lib/python3.11/site-packages/sqlalchemy/engine/base.py:144: in __init__
    self._dbapi_connection = engine.raw_connection()
                             ^^^^^^^^^^^^^^^^^^^^^^^
.venv/lib/python3.11/site-packages/sqlalchemy/engine/base.py:3319: in raw_connection
    return self.pool.connect()
           ^^^^^^^^^^^^^^^^^^^
.venv/lib/python3.11/site-packages/sqlalchemy/pool/base.py:448: in connect
    return _ConnectionFairy._checkout(self)
           ^^^^^^^^^^^^^^^^^^^^^^^^^^^^^^^^
.venv/lib/python3.11/site-packages/sqlalchemy/pool/base.py:1272: in _checkout
    fairy = _ConnectionRecord.checkout(pool)
            ^^^^^^^^^^^^^^^^^^^^^^^^^^^^^^^^
.venv/lib/python3.11/site-packages/sqlalchemy/pool/base.py:712: in checkout
    rec = pool._do_get()
          ^^^^^^^^^^^^^^
.venv/lib/python3.11/site-packages/sqlalchemy/pool/impl.py:178: in _do_get
    with util.safe_reraise():
.venv/lib/python3.11/site-packages/sqlalchemy/util/langhelpers.py:122: in __exit__
    raise exc_value.with_traceback(exc_tb)
.venv/lib/python3.11/site-packages/sqlalchemy/pool/impl.py:176: in _do_get
    return self._create_connection()
           ^^^^^^^^^^^^^^^^^^^^^^^^^
.venv/lib/python3.11/site-packages/sqlalchemy/pool/base.py:389: in _create_connection
    return _ConnectionRecord(self)
           ^^^^^^^^^^^^^^^^^^^^^^^
.venv/lib/python3.11/site-packages/sqlalchemy/pool/base.py:674: in __init__
    self.__connect()
.venv/lib/python3.11/site-packages/sqlalchemy/pool/base.py:900: in __connect
    with util.safe_reraise():
.venv/lib/python3.11/site-packages/sqlalchemy/util/langhelpers.py:122: in __exit__
    raise exc_value.with_traceback(exc_tb)
.venv/lib/python3.11/site-packages/sqlalchemy/pool/base.py:896: in __connect
    self.dbapi_connection = connection = pool._invoke_creator(self)
                                         ^^^^^^^^^^^^^^^^^^^^^^^^^^
.venv/lib/python3.11/site-packages/sqlalchemy/engine/create.py:667: in connect
    return dialect.connect(*cargs_tup, **cparams)
           ^^^^^^^^^^^^^^^^^^^^^^^^^^^^^^^^^^^^^^
_ _ _ _ _ _ _ _ _ _ _ _ _ _ _ _ _ _ _ _ _ _ _ _ _ _ _ _ _ _ _ _ _ _ _ _ _ _ _ _ 

self = <sqlalchemy.dialects.postgresql.pg8000.PGDialect_pg8000 object at 0x10ba32690>
cargs = ()
cparams = {'host': 'localhost', 'database': 'research', 'timeout': 2}

    def connect(self, *cargs: Any, **cparams: Any) -> DBAPIConnection:
        # inherits the docstring from interfaces.Dialect.connect
>       return self.loaded_dbapi.connect(*cargs, **cparams)  # type: ignore[no-any-return]  # NOQA: E501
               ^^^^^^^^^^^^^^^^^^^^^^^^^^^^^^^^^^^^^^^^^^^^
E       TypeError: connect() missing 1 required positional argument: 'user'

.venv/lib/python3.11/site-packages/sqlalchemy/engine/default.py:630: TypeError
________ ERROR at setup of test_missing_credentials_skipped_not_failed _________

    @pytest.fixture
    def database_url() -> str:
        url = os.environ.get(
            "AI_RESEARCHER_TEST_DATABASE_URL",
            os.environ.get(
                "DATABASE_URL",
                "postgresql://postgres:issue3@127.0.0.1:55432/ai_researcher_test",
            ),
        )
        engine = create_engine(_pg8000_url(url), connect_args={"timeout": 2})
        try:
>           with engine.connect():
                 ^^^^^^^^^^^^^^^^

tests/test_discourse_sweep.py:45: 
_ _ _ _ _ _ _ _ _ _ _ _ _ _ _ _ _ _ _ _ _ _ _ _ _ _ _ _ _ _ _ _ _ _ _ _ _ _ _ _ 
.venv/lib/python3.11/site-packages/sqlalchemy/engine/base.py:3295: in connect
    return self._connection_cls(self)
           ^^^^^^^^^^^^^^^^^^^^^^^^^^
.venv/lib/python3.11/site-packages/sqlalchemy/engine/base.py:144: in __init__
    self._dbapi_connection = engine.raw_connection()
                             ^^^^^^^^^^^^^^^^^^^^^^^
.venv/lib/python3.11/site-packages/sqlalchemy/engine/base.py:3319: in raw_connection
    return self.pool.connect()
           ^^^^^^^^^^^^^^^^^^^
.venv/lib/python3.11/site-packages/sqlalchemy/pool/base.py:448: in connect
    return _ConnectionFairy._checkout(self)
           ^^^^^^^^^^^^^^^^^^^^^^^^^^^^^^^^
.venv/lib/python3.11/site-packages/sqlalchemy/pool/base.py:1272: in _checkout
    fairy = _ConnectionRecord.checkout(pool)
            ^^^^^^^^^^^^^^^^^^^^^^^^^^^^^^^^
.venv/lib/python3.11/site-packages/sqlalchemy/pool/base.py:712: in checkout
    rec = pool._do_get()
          ^^^^^^^^^^^^^^
.venv/lib/python3.11/site-packages/sqlalchemy/pool/impl.py:178: in _do_get
    with util.safe_reraise():
.venv/lib/python3.11/site-packages/sqlalchemy/util/langhelpers.py:122: in __exit__
    raise exc_value.with_traceback(exc_tb)
.venv/lib/python3.11/site-packages/sqlalchemy/pool/impl.py:176: in _do_get
    return self._create_connection()
           ^^^^^^^^^^^^^^^^^^^^^^^^^
.venv/lib/python3.11/site-packages/sqlalchemy/pool/base.py:389: in _create_connection
    return _ConnectionRecord(self)
           ^^^^^^^^^^^^^^^^^^^^^^^
.venv/lib/python3.11/site-packages/sqlalchemy/pool/base.py:674: in __init__
    self.__connect()
.venv/lib/python3.11/site-packages/sqlalchemy/pool/base.py:900: in __connect
    with util.safe_reraise():
.venv/lib/python3.11/site-packages/sqlalchemy/util/langhelpers.py:122: in __exit__
    raise exc_value.with_traceback(exc_tb)
.venv/lib/python3.11/site-packages/sqlalchemy/pool/base.py:896: in __connect
    self.dbapi_connection = connection = pool._invoke_creator(self)
                                         ^^^^^^^^^^^^^^^^^^^^^^^^^^
.venv/lib/python3.11/site-packages/sqlalchemy/engine/create.py:667: in connect
    return dialect.connect(*cargs_tup, **cparams)
           ^^^^^^^^^^^^^^^^^^^^^^^^^^^^^^^^^^^^^^
_ _ _ _ _ _ _ _ _ _ _ _ _ _ _ _ _ _ _ _ _ _ _ _ _ _ _ _ _ _ _ _ _ _ _ _ _ _ _ _ 

self = <sqlalchemy.dialects.postgresql.pg8000.PGDialect_pg8000 object at 0x10b5b90d0>
cargs = ()
cparams = {'host': 'localhost', 'database': 'research', 'timeout': 2}

    def connect(self, *cargs: Any, **cparams: Any) -> DBAPIConnection:
        # inherits the docstring from interfaces.Dialect.connect
>       return self.loaded_dbapi.connect(*cargs, **cparams)  # type: ignore[no-any-return]  # NOQA: E501
               ^^^^^^^^^^^^^^^^^^^^^^^^^^^^^^^^^^^^^^^^^^^^
E       TypeError: connect() missing 1 required positional argument: 'user'

.venv/lib/python3.11/site-packages/sqlalchemy/engine/default.py:630: TypeError
__ ERROR at setup of test_cli_discourse_sweep_exits_zero_with_failing_source ___

    @pytest.fixture
    def database_url() -> str:
        url = os.environ.get(
            "AI_RESEARCHER_TEST_DATABASE_URL",
            os.environ.get(
                "DATABASE_URL",
                "postgresql://postgres:issue3@127.0.0.1:55432/ai_researcher_test",
            ),
        )
        engine = create_engine(_pg8000_url(url), connect_args={"timeout": 2})
        try:
>           with engine.connect():
                 ^^^^^^^^^^^^^^^^

tests/test_discourse_sweep.py:45: 
_ _ _ _ _ _ _ _ _ _ _ _ _ _ _ _ _ _ _ _ _ _ _ _ _ _ _ _ _ _ _ _ _ _ _ _ _ _ _ _ 
.venv/lib/python3.11/site-packages/sqlalchemy/engine/base.py:3295: in connect
    return self._connection_cls(self)
           ^^^^^^^^^^^^^^^^^^^^^^^^^^
.venv/lib/python3.11/site-packages/sqlalchemy/engine/base.py:144: in __init__
    self._dbapi_connection = engine.raw_connection()
                             ^^^^^^^^^^^^^^^^^^^^^^^
.venv/lib/python3.11/site-packages/sqlalchemy/engine/base.py:3319: in raw_connection
    return self.pool.connect()
           ^^^^^^^^^^^^^^^^^^^
.venv/lib/python3.11/site-packages/sqlalchemy/pool/base.py:448: in connect
    return _ConnectionFairy._checkout(self)
           ^^^^^^^^^^^^^^^^^^^^^^^^^^^^^^^^
.venv/lib/python3.11/site-packages/sqlalchemy/pool/base.py:1272: in _checkout
    fairy = _ConnectionRecord.checkout(pool)
            ^^^^^^^^^^^^^^^^^^^^^^^^^^^^^^^^
.venv/lib/python3.11/site-packages/sqlalchemy/pool/base.py:712: in checkout
    rec = pool._do_get()
          ^^^^^^^^^^^^^^
.venv/lib/python3.11/site-packages/sqlalchemy/pool/impl.py:178: in _do_get
    with util.safe_reraise():
.venv/lib/python3.11/site-packages/sqlalchemy/util/langhelpers.py:122: in __exit__
    raise exc_value.with_traceback(exc_tb)
.venv/lib/python3.11/site-packages/sqlalchemy/pool/impl.py:176: in _do_get
    return self._create_connection()
           ^^^^^^^^^^^^^^^^^^^^^^^^^
.venv/lib/python3.11/site-packages/sqlalchemy/pool/base.py:389: in _create_connection
    return _ConnectionRecord(self)
           ^^^^^^^^^^^^^^^^^^^^^^^
.venv/lib/python3.11/site-packages/sqlalchemy/pool/base.py:674: in __init__
    self.__connect()
.venv/lib/python3.11/site-packages/sqlalchemy/pool/base.py:900: in __connect
    with util.safe_reraise():
.venv/lib/python3.11/site-packages/sqlalchemy/util/langhelpers.py:122: in __exit__
    raise exc_value.with_traceback(exc_tb)
.venv/lib/python3.11/site-packages/sqlalchemy/pool/base.py:896: in __connect
    self.dbapi_connection = connection = pool._invoke_creator(self)
                                         ^^^^^^^^^^^^^^^^^^^^^^^^^^
.venv/lib/python3.11/site-packages/sqlalchemy/engine/create.py:667: in connect
    return dialect.connect(*cargs_tup, **cparams)
           ^^^^^^^^^^^^^^^^^^^^^^^^^^^^^^^^^^^^^^
_ _ _ _ _ _ _ _ _ _ _ _ _ _ _ _ _ _ _ _ _ _ _ _ _ _ _ _ _ _ _ _ _ _ _ _ _ _ _ _ 

self = <sqlalchemy.dialects.postgresql.pg8000.PGDialect_pg8000 object at 0x10b594bd0>
cargs = ()
cparams = {'host': 'localhost', 'database': 'research', 'timeout': 2}

    def connect(self, *cargs: Any, **cparams: Any) -> DBAPIConnection:
        # inherits the docstring from interfaces.Dialect.connect
>       return self.loaded_dbapi.connect(*cargs, **cparams)  # type: ignore[no-any-return]  # NOQA: E501
               ^^^^^^^^^^^^^^^^^^^^^^^^^^^^^^^^^^^^^^^^^^^^
E       TypeError: connect() missing 1 required positional argument: 'user'

.venv/lib/python3.11/site-packages/sqlalchemy/engine/default.py:630: TypeError
__ ERROR at setup of test_new_paper_sweep_writes_run_and_processes_end_to_end __

    @pytest.fixture
    def database_url() -> str:
        url = os.environ.get(
            "AI_RESEARCHER_TEST_DATABASE_URL",
            os.environ.get(
                "DATABASE_URL",
                "postgresql://postgres:issue3@127.0.0.1:55432/ai_researcher_test",
            ),
        )
        engine = create_engine(_pg8000_url(url), connect_args={"timeout": 2})
        try:
>           with engine.connect():
                 ^^^^^^^^^^^^^^^^

tests/test_evidence_sweep.py:56: 
_ _ _ _ _ _ _ _ _ _ _ _ _ _ _ _ _ _ _ _ _ _ _ _ _ _ _ _ _ _ _ _ _ _ _ _ _ _ _ _ 
[...]
.venv/lib/python3.11/site-packages/sqlalchemy/engine/base.py:3319: in raw_connection
    return self.pool.connect()
           ^^^^^^^^^^^^^^^^^^^
.venv/lib/python3.11/site-packages/sqlalchemy/pool/base.py:448: in connect
    return _ConnectionFairy._checkout(self)
           ^^^^^^^^^^^^^^^^^^^^^^^^^^^^^^^^
.venv/lib/python3.11/site-packages/sqlalchemy/pool/base.py:1272: in _checkout
    fairy = _ConnectionRecord.checkout(pool)
            ^^^^^^^^^^^^^^^^^^^^^^^^^^^^^^^^
.venv/lib/python3.11/site-packages/sqlalchemy/pool/base.py:712: in checkout
    rec = pool._do_get()
          ^^^^^^^^^^^^^^
.venv/lib/python3.11/site-packages/sqlalchemy/pool/impl.py:178: in _do_get
    with util.safe_reraise():
.venv/lib/python3.11/site-packages/sqlalchemy/util/langhelpers.py:122: in __exit__
    raise exc_value.with_traceback(exc_tb)
.venv/lib/python3.11/site-packages/sqlalchemy/pool/impl.py:176: in _do_get
    return self._create_connection()
           ^^^^^^^^^^^^^^^^^^^^^^^^^
.venv/lib/python3.11/site-packages/sqlalchemy/pool/base.py:389: in _create_connection
    return _ConnectionRecord(self)
           ^^^^^^^^^^^^^^^^^^^^^^^
.venv/lib/python3.11/site-packages/sqlalchemy/pool/base.py:674: in __init__
    self.__connect()
.venv/lib/python3.11/site-packages/sqlalchemy/pool/base.py:900: in __connect
    with util.safe_reraise():
.venv/lib/python3.11/site-packages/sqlalchemy/util/langhelpers.py:122: in __exit__
    raise exc_value.with_traceback(exc_tb)
.venv/lib/python3.11/site-packages/sqlalchemy/pool/base.py:896: in __connect
    self.dbapi_connection = connection = pool._invoke_creator(self)
                                         ^^^^^^^^^^^^^^^^^^^^^^^^^^
.venv/lib/python3.11/site-packages/sqlalchemy/engine/create.py:667: in connect
    return dialect.connect(*cargs_tup, **cparams)
           ^^^^^^^^^^^^^^^^^^^^^^^^^^^^^^^^^^^^^^
_ _ _ _ _ _ _ _ _ _ _ _ _ _ _ _ _ _ _ _ _ _ _ _ _ _ _ _ _ _ _ _ _ _ _ _ _ _ _ _ 

self = <sqlalchemy.dialects.postgresql.pg8000.PGDialect_pg8000 object at 0x10ba9c710>
cargs = ()
cparams = {'host': 'localhost', 'database': 'research', 'timeout': 2}

    def connect(self, *cargs: Any, **cparams: Any) -> DBAPIConnection:
        # inherits the docstring from interfaces.Dialect.connect
>       return self.loaded_dbapi.connect(*cargs, **cparams)  # type: ignore[no-any-return]  # NOQA: E501
               ^^^^^^^^^^^^^^^^^^^^^^^^^^^^^^^^^^^^^^^^^^^^
E       TypeError: connect() missing 1 required positional argument: 'user'

.venv/lib/python3.11/site-packages/sqlalchemy/engine/default.py:630: TypeError
_ ERROR at setup of test_index_rebuilds_only_the_paper_with_a_stale_tree_version _

    @pytest.fixture
    def database_url() -> str:
        url = os.environ.get(
            "AI_RESEARCHER_TEST_DATABASE_URL",
            os.environ.get(
                "DATABASE_URL",
                "postgresql://postgres:issue3@127.0.0.1:55432/ai_researcher_test",
            ),
        )
        engine = create_engine(_pg8000_url(url), connect_args={"timeout": 2})
        try:
>           with engine.connect():
                 ^^^^^^^^^^^^^^^^

tests/test_tree_builder.py:179: 
_ _ _ _ _ _ _ _ _ _ _ _ _ _ _ _ _ _ _ _ _ _ _ _ _ _ _ _ _ _ _ _ _ _ _ _ _ _ _ _ 
.venv/lib/python3.11/site-packages/sqlalchemy/engine/base.py:3295: in connect
    return self._connection_cls(self)
           ^^^^^^^^^^^^^^^^^^^^^^^^^^
.venv/lib/python3.11/site-packages/sqlalchemy/engine/base.py:144: in __init__
    self._dbapi_connection = engine.raw_connection()
                             ^^^^^^^^^^^^^^^^^^^^^^^
.venv/lib/python3.11/site-packages/sqlalchemy/engine/base.py:3319: in raw_connection
    return self.pool.connect()
           ^^^^^^^^^^^^^^^^^^^
.venv/lib/python3.11/site-packages/sqlalchemy/pool/base.py:448: in connect
    return _ConnectionFairy._checkout(self)
           ^^^^^^^^^^^^^^^^^^^^^^^^^^^^^^^^
.venv/lib/python3.11/site-packages/sqlalchemy/pool/base.py:1272: in _checkout
    fairy = _ConnectionRecord.checkout(pool)
            ^^^^^^^^^^^^^^^^^^^^^^^^^^^^^^^^
.venv/lib/python3.11/site-packages/sqlalchemy/pool/base.py:712: in checkout
    rec = pool._do_get()
          ^^^^^^^^^^^^^^
.venv/lib/python3.11/site-packages/sqlalchemy/pool/impl.py:178: in _do_get
    with util.safe_reraise():
.venv/lib/python3.11/site-packages/sqlalchemy/util/langhelpers.py:122: in __exit__
    raise exc_value.with_traceback(exc_tb)
.venv/lib/python3.11/site-packages/sqlalchemy/pool/impl.py:176: in _do_get
    return self._create_connection()
           ^^^^^^^^^^^^^^^^^^^^^^^^^
.venv/lib/python3.11/site-packages/sqlalchemy/pool/base.py:389: in _create_connection
    return _ConnectionRecord(self)
           ^^^^^^^^^^^^^^^^^^^^^^^
.venv/lib/python3.11/site-packages/sqlalchemy/pool/base.py:674: in __init__
    self.__connect()
.venv/lib/python3.11/site-packages/sqlalchemy/pool/base.py:900: in __connect
    with util.safe_reraise():
.venv/lib/python3.11/site-packages/sqlalchemy/util/langhelpers.py:122: in __exit__
    raise exc_value.with_traceback(exc_tb)
.venv/lib/python3.11/site-packages/sqlalchemy/pool/base.py:896: in __connect
    self.dbapi_connection = connection = pool._invoke_creator(self)
                                         ^^^^^^^^^^^^^^^^^^^^^^^^^^
.venv/lib/python3.11/site-packages/sqlalchemy/engine/create.py:667: in connect
    return dialect.connect(*cargs_tup, **cparams)
           ^^^^^^^^^^^^^^^^^^^^^^^^^^^^^^^^^^^^^^
_ _ _ _ _ _ _ _ _ _ _ _ _ _ _ _ _ _ _ _ _ _ _ _ _ _ _ _ _ _ _ _ _ _ _ _ _ _ _ _ 

self = <sqlalchemy.dialects.postgresql.pg8000.PGDialect_pg8000 object at 0x10c0245d0>
cargs = ()
cparams = {'host': 'localhost', 'database': 'research', 'timeout': 2}

    def connect(self, *cargs: Any, **cparams: Any) -> DBAPIConnection:
        # inherits the docstring from interfaces.Dialect.connect
>       return self.loaded_dbapi.connect(*cargs, **cparams)  # type: ignore[no-any-return]  # NOQA: E501
               ^^^^^^^^^^^^^^^^^^^^^^^^^^^^^^^^^^^^^^^^^^^^
E       TypeError: connect() missing 1 required positional argument: 'user'

.venv/lib/python3.11/site-packages/sqlalchemy/engine/default.py:630: TypeError
____ ERROR at setup of test_index_continues_after_one_paper_summary_failure ____

    @pytest.fixture
    def database_url() -> str:
        url = os.environ.get(
            "AI_RESEARCHER_TEST_DATABASE_URL",
            os.environ.get(
                "DATABASE_URL",
                "postgresql://postgres:issue3@127.0.0.1:55432/ai_researcher_test",
            ),
        )
        engine = create_engine(_pg8000_url(url), connect_args={"timeout": 2})
        try:
>           with engine.connect():
                 ^^^^^^^^^^^^^^^^

tests/test_tree_builder.py:179: 
_ _ _ _ _ _ _ _ _ _ _ _ _ _ _ _ _ _ _ _ _ _ _ _ _ _ _ _ _ _ _ _ _ _ _ _ _ _ _ _ 
.venv/lib/python3.11/site-packages/sqlalchemy/engine/base.py:3295: in connect
    return self._connection_cls(self)
           ^^^^^^^^^^^^^^^^^^^^^^^^^^
.venv/lib/python3.11/site-packages/sqlalchemy/engine/base.py:144: in __init__
    self._dbapi_connection = engine.raw_connection()
                             ^^^^^^^^^^^^^^^^^^^^^^^
.venv/lib/python3.11/site-packages/sqlalchemy/engine/base.py:3319: in raw_connection
    return self.pool.connect()
           ^^^^^^^^^^^^^^^^^^^
.venv/lib/python3.11/site-packages/sqlalchemy/pool/base.py:448: in connect
    return _ConnectionFairy._checkout(self)
           ^^^^^^^^^^^^^^^^^^^^^^^^^^^^^^^^
.venv/lib/python3.11/site-packages/sqlalchemy/pool/base.py:1272: in _checkout
    fairy = _ConnectionRecord.checkout(pool)
            ^^^^^^^^^^^^^^^^^^^^^^^^^^^^^^^^
.venv/lib/python3.11/site-packages/sqlalchemy/pool/base.py:712: in checkout
    rec = pool._do_get()
          ^^^^^^^^^^^^^^
.venv/lib/python3.11/site-packages/sqlalchemy/pool/impl.py:178: in _do_get
    with util.safe_reraise():
.venv/lib/python3.11/site-packages/sqlalchemy/util/langhelpers.py:122: in __exit__
    raise exc_value.with_traceback(exc_tb)
.venv/lib/python3.11/site-packages/sqlalchemy/pool/impl.py:176: in _do_get
    return self._create_connection()
           ^^^^^^^^^^^^^^^^^^^^^^^^^
.venv/lib/python3.11/site-packages/sqlalchemy/pool/base.py:389: in _create_connection
    return _ConnectionRecord(self)
           ^^^^^^^^^^^^^^^^^^^^^^^
.venv/lib/python3.11/site-packages/sqlalchemy/pool/base.py:674: in __init__
    self.__connect()
.venv/lib/python3.11/site-packages/sqlalchemy/pool/base.py:900: in __connect
    with util.safe_reraise():
.venv/lib/python3.11/site-packages/sqlalchemy/util/langhelpers.py:122: in __exit__
    raise exc_value.with_traceback(exc_tb)
.venv/lib/python3.11/site-packages/sqlalchemy/pool/base.py:896: in __connect
    self.dbapi_connection = connection = pool._invoke_creator(self)
                                         ^^^^^^^^^^^^^^^^^^^^^^^^^^
.venv/lib/python3.11/site-packages/sqlalchemy/engine/create.py:667: in connect
    return dialect.connect(*cargs_tup, **cparams)
           ^^^^^^^^^^^^^^^^^^^^^^^^^^^^^^^^^^^^^^
_ _ _ _ _ _ _ _ _ _ _ _ _ _ _ _ _ _ _ _ _ _ _ _ _ _ _ _ _ _ _ _ _ _ _ _ _ _ _ _ 

self = <sqlalchemy.dialects.postgresql.pg8000.PGDialect_pg8000 object at 0x10c0be890>
cargs = ()
cparams = {'host': 'localhost', 'database': 'research', 'timeout': 2}

    def connect(self, *cargs: Any, **cparams: Any) -> DBAPIConnection:
        # inherits the docstring from interfaces.Dialect.connect
>       return self.loaded_dbapi.connect(*cargs, **cparams)  # type: ignore[no-any-return]  # NOQA: E501
               ^^^^^^^^^^^^^^^^^^^^^^^^^^^^^^^^^^^^^^^^^^^^
E       TypeError: connect() missing 1 required positional argument: 'user'

.venv/lib/python3.11/site-packages/sqlalchemy/engine/default.py:630: TypeError
_ ERROR at setup of test_tree_migration_is_idempotent_and_rejects_null_section _

    @pytest.fixture
    def database_url() -> str:
        url = os.environ.get(
            "AI_RESEARCHER_TEST_DATABASE_URL",
            os.environ.get(
                "DATABASE_URL",
                "postgresql://postgres:issue3@127.0.0.1:55432/ai_researcher_test",
            ),
        )
        engine = create_engine(_pg8000_url(url), connect_args={"timeout": 2})
        try:
>           with engine.connect():
                 ^^^^^^^^^^^^^^^^

tests/test_tree_schema.py:57: 
_ _ _ _ _ _ _ _ _ _ _ _ _ _ _ _ _ _ _ _ _ _ _ _ _ _ _ _ _ _ _ _ _ _ _ _ _ _ _ _ 
.venv/lib/python3.11/site-packages/sqlalchemy/engine/base.py:3295: in connect
    return self._connection_cls(self)
           ^^^^^^^^^^^^^^^^^^^^^^^^^^
.venv/lib/python3.11/site-packages/sqlalchemy/engine/base.py:144: in __init__
    self._dbapi_connection = engine.raw_connection()
                             ^^^^^^^^^^^^^^^^^^^^^^^
.venv/lib/python3.11/site-packages/sqlalchemy/engine/base.py:3319: in raw_connection
    return self.pool.connect()
           ^^^^^^^^^^^^^^^^^^^
.venv/lib/python3.11/site-packages/sqlalchemy/pool/base.py:448: in connect
    return _ConnectionFairy._checkout(self)
           ^^^^^^^^^^^^^^^^^^^^^^^^^^^^^^^^
.venv/lib/python3.11/site-packages/sqlalchemy/pool/base.py:1272: in _checkout
    fairy = _ConnectionRecord.checkout(pool)
            ^^^^^^^^^^^^^^^^^^^^^^^^^^^^^^^^
.venv/lib/python3.11/site-packages/sqlalchemy/pool/base.py:712: in checkout
    rec = pool._do_get()
          ^^^^^^^^^^^^^^
.venv/lib/python3.11/site-packages/sqlalchemy/pool/impl.py:178: in _do_get
    with util.safe_reraise():
.venv/lib/python3.11/site-packages/sqlalchemy/util/langhelpers.py:122: in __exit__
    raise exc_value.with_traceback(exc_tb)
.venv/lib/python3.11/site-packages/sqlalchemy/pool/impl.py:176: in _do_get
    return self._create_connection()
           ^^^^^^^^^^^^^^^^^^^^^^^^^
.venv/lib/python3.11/site-packages/sqlalchemy/pool/base.py:389: in _create_connection
    return _ConnectionRecord(self)
           ^^^^^^^^^^^^^^^^^^^^^^^
.venv/lib/python3.11/site-packages/sqlalchemy/pool/base.py:674: in __init__
    self.__connect()
.venv/lib/python3.11/site-packages/sqlalchemy/pool/base.py:900: in __connect
    with util.safe_reraise():
.venv/lib/python3.11/site-packages/sqlalchemy/util/langhelpers.py:122: in __exit__
    raise exc_value.with_traceback(exc_tb)
.venv/lib/python3.11/site-packages/sqlalchemy/pool/base.py:896: in __connect
    self.dbapi_connection = connection = pool._invoke_creator(self)
                                         ^^^^^^^^^^^^^^^^^^^^^^^^^^
.venv/lib/python3.11/site-packages/sqlalchemy/engine/create.py:667: in connect
    return dialect.connect(*cargs_tup, **cparams)
           ^^^^^^^^^^^^^^^^^^^^^^^^^^^^^^^^^^^^^^
_ _ _ _ _ _ _ _ _ _ _ _ _ _ _ _ _ _ _ _ _ _ _ _ _ _ _ _ _ _ _ _ _ _ _ _ _ _ _ _ 

self = <sqlalchemy.dialects.postgresql.pg8000.PGDialect_pg8000 object at 0x10c15cdd0>
cargs = ()
cparams = {'host': 'localhost', 'database': 'research', 'timeout': 2}

    def connect(self, *cargs: Any, **cparams: Any) -> DBAPIConnection:
        # inherits the docstring from interfaces.Dialect.connect
>       return self.loaded_dbapi.connect(*cargs, **cparams)  # type: ignore[no-any-return]  # NOQA: E501
               ^^^^^^^^^^^^^^^^^^^^^^^^^^^^^^^^^^^^^^^^^^^^
E       TypeError: connect() missing 1 required positional argument: 'user'

.venv/lib/python3.11/site-packages/sqlalchemy/engine/default.py:630: TypeError
=========================== short test summary info ============================
ERROR tests/test_change_detection.py::test_quiet_period_produces_empty_changeset
ERROR tests/test_change_detection.py::test_detects_new_papers_per_subscribed_scope
ERROR tests/test_change_detection.py::test_detects_new_claim_evidence_for_subscribed_claims
ERROR tests/test_change_detection.py::test_first_refutes_evidence_is_reported_as_stance_flip
ERROR tests/test_change_detection.py::test_second_refutes_is_not_a_stance_flip
ERROR tests/test_change_detection.py::test_score_movement_reports_separate_deltas_beyond_threshold
ERROR tests/test_change_detection.py::test_score_movement_below_threshold_is_ignored
ERROR tests/test_change_detection.py::test_pre_baseline_score_delta_is_not_re_reported
ERROR tests/test_change_detection.py::test_score_movement_threshold_defaults_to_ten_and_is_configurable
ERROR tests/test_change_detection.py::test_detects_new_discourse_mentions_for_papers_backing_subscribed_claims
ERROR tests/test_claim_identity.py::test_canonicalize_preserves_original_claims_and_repoints_all_evidence
ERROR tests/test_claim_identity.py::test_negative_identity_decision_is_not_repeated_on_unchanged_rerun
ERROR tests/test_claim_identity.py::test_merging_existing_canonical_roots_repoints_descendants_to_final_root
ERROR tests/test_claim_identity.py::test_extract_rerun_does_no_identity_or_stance_work
ERROR tests/test_confidence.py::test_default_dedup_refreshes_scores_created_by_prior_no_dedup_run
ERROR tests/test_discourse_schema.py::test_discourse_migration_applies_and_enforces_constraints
ERROR tests/test_discourse_sweep.py::test_clean_poll_writes_sweep_run_stores_mentions_advances_last_polled
ERROR tests/test_discourse_sweep.py::test_repeat_poll_adds_zero_duplicate_items
ERROR tests/test_discourse_sweep.py::test_failing_source_recorded_while_others_complete
ERROR tests/test_discourse_sweep.py::test_missing_credentials_skipped_not_failed
ERROR tests/test_discourse_sweep.py::test_cli_discourse_sweep_exits_zero_with_failing_source
ERROR tests/test_evidence_sweep.py::test_new_paper_sweep_writes_run_and_processes_end_to_end
ERROR tests/test_evidence_sweep.py::test_empty_rerun_creates_zero_new_papers_and_exits_zero
ERROR tests/test_evidence_sweep.py::test_ceiling_refusal_logs_and_stops_adding_papers
ERROR tests/test_evidence_sweep.py::test_per_paper_failure_does_not_abort_sweep
ERROR tests/test_evidence_sweep.py::test_cli_sweep_kind_evidence_exits_zero
ERROR tests/test_extraction_pipeline.py::test_confidence_refreshes_when_evidence_and_trace_arrive_after_initial_score
ERROR tests/test_extraction_pipeline.py::test_extract_cli_clean_resume_prompt_bump_and_paper_failure
ERROR tests/test_extraction_pipeline.py::test_paper_failure_does_not_abort_remaining_stale_papers
ERROR tests/test_extraction_pipeline.py::test_every_persisted_record_type_carries_extraction_provenance
ERROR tests/test_extraction_pipeline.py::test_prompt_version_bump_reextracts_only_stale_papers
ERROR tests/test_extraction_pipeline.py::test_valid_empty_extraction_is_resumable
ERROR tests/test_extraction_pipeline.py::test_all_rejected_output_does_not_replace_valid_extractions
ERROR tests/test_extraction_pipeline.py::test_prompt_bump_preserves_claim_identity_and_dependents
ERROR tests/test_extraction_pipeline.py::test_reextraction_invalidates_identity_marker_when_value_changes_into_overlap
ERROR tests/test_extraction_pipeline.py::test_reextraction_detaches_old_canonical_member_when_root_value_diverges
ERROR tests/test_extraction_schema.py::test_extraction_migration_rejects_null_tree_node_and_invalid_stance
ERROR tests/test_ingest_pipeline.py::test_clean_ingest_writes_job_papers_and_sections
ERROR tests/test_ingest_pipeline.py::test_resumed_ingest_reports_zero_newly_parsed_papers
ERROR tests/test_ingest_pipeline.py::test_corpus_ceiling_refuses_before_any_download
ERROR tests/test_ingest_pipeline.py::test_parse_failure_is_recorded_and_run_continues
ERROR tests/test_ingest_pipeline.py::test_cli_ingest_ceiling_exits_nonzero_with_counts
ERROR tests/test_migrations.py::test_cli_applies_all_migrations_and_is_idempotent
ERROR tests/test_migrations.py::test_non_null_paper_identifiers_are_unique[doi]
ERROR tests/test_migrations.py::test_non_null_paper_identifiers_are_unique[arxiv_id]
ERROR tests/test_migrations.py::test_multiple_null_paper_identifiers_are_allowed
ERROR tests/test_shortlist.py::test_config_switches_both_backends_for_the_same_question
ERROR tests/test_shortlist.py::test_pageindex_shortlist_caps_model_selection_at_limit
ERROR tests/test_shortlist.py::test_postgres_fts_searches_title_abstract_and_section_body[surface code threshold-0]
ERROR tests/test_shortlist.py::test_postgres_fts_searches_title_abstract_and_section_body[neural decoder-1]
ERROR tests/test_shortlist.py::test_postgres_fts_searches_title_abstract_and_section_body[transversal CNOT-2]
ERROR tests/test_shortlist.py::test_fts_migration_adds_gin_indexes - TypeErro...
ERROR tests/test_status.py::test_scope_status_aggregates_counts_by_sql - Type...
ERROR tests/test_status.py::test_scope_status_for_one_scope_lists_failed_papers
ERROR tests/test_status.py::test_status_cli_prints_counts_and_scope_filter - ...
ERROR tests/test_status.py::test_logs_go_to_stderr_not_stdout - TypeError: co...
ERROR tests/test_status.py::test_ingest_emits_per_paper_progress_lines - Type...
ERROR tests/test_subscriptions.py::test_subscribe_topic_creates_active_subscription
ERROR tests/test_subscriptions.py::test_subscribe_claim_creates_active_subscription
ERROR tests/test_subscriptions.py::test_subscribe_claim_rejects_unknown_id_with_named_error
ERROR tests/test_subscriptions.py::test_subscribe_claim_targets_canonical_claim
ERROR tests/test_subscriptions.py::test_duplicate_topic_subscription_is_rejected
ERROR tests/test_subscriptions.py::test_duplicate_claim_subscription_is_rejected
ERROR tests/test_subscriptions.py::test_subscribe_topic_rejects_unknown_scope
ERROR tests/test_subscriptions.py::test_list_subscriptions_includes_kind_target_and_active
ERROR tests/test_subscriptions.py::test_unsubscribe_deactivates_without_deleting
ERROR tests/test_subscriptions.py::test_cli_subscribe_topic_subscriptions_and_unsubscribe
ERROR tests/test_subscriptions.py::test_cli_subscribe_claim_rejects_unknown_id
ERROR tests/test_tree_builder.py::test_index_cli_builds_and_then_skips_current_per_paper_trees
ERROR tests/test_tree_builder.py::test_index_rebuilds_only_the_paper_with_a_stale_tree_version
ERROR tests/test_tree_builder.py::test_index_continues_after_one_paper_summary_failure
ERROR tests/test_tree_schema.py::test_tree_migration_is_idempotent_and_rejects_null_section
======================= 288 passed, 72 errors in 12.79s ========================
FULL_EXIT=1
