============================= test session starts ==============================
platform darwin -- Python 3.11.15, pytest-9.1.1, pluggy-1.6.0 -- /Users/banknatchapol/Desktop/Codes/AI-Researcher/.worktrees/issue-61-qa/.venv/bin/python
cachedir: .pytest_cache
rootdir: /Users/banknatchapol/Desktop/Codes/AI-Researcher/.worktrees/issue-61-qa
configfile: pyproject.toml
plugins: anyio-4.14.2
collecting ... collected 8 items

tests/test_channel_separation.py::test_discourse_and_evidence_share_no_base_class PASSED [ 12%]
tests/test_channel_separation.py::test_scoring_package_does_not_import_discourse PASSED [ 25%]
tests/test_channel_separation.py::test_no_discourse_value_written_to_claim_score PASSED [ 37%]
tests/test_channel_separation.py::test_channel_gate_detects_scoring_discourse_import PASSED [ 50%]
tests/test_channel_separation.py::test_channel_gate_detects_discourse_into_claim_score PASSED [ 62%]
tests/test_discourse_registry.py::test_register_and_get_returns_adapter PASSED [ 75%]
tests/test_discourse_registry.py::test_unknown_discourse_source_raises_named_error PASSED [ 87%]
tests/test_discourse_registry.py::test_discourse_source_protocol_requires_poll_and_link_targets PASSED [100%]

============================== 8 passed in 0.09s ===============================
