=== Full suite ===
============================= test session starts ==============================
platform darwin -- Python 3.11.15, pytest-9.1.1, pluggy-1.6.0 -- /Users/banknatchapol/Desktop/Codes/AI-Researcher/.worktrees/issue-9-qa/.venv/bin/python
cachedir: .pytest_cache
rootdir: /Users/banknatchapol/Desktop/Codes/AI-Researcher/.worktrees/issue-9-qa
configfile: pyproject.toml
testpaths: tests
collecting ... collected 84 items

tests/sources/test_arxiv.py::test_search_filters_by_category_and_date_and_parses_atom_fixture PASSED [  1%]
tests/sources/test_arxiv.py::test_fetch_metadata_and_pdf_url_use_the_recorded_entry PASSED [  2%]
tests/sources/test_arxiv.py::test_user_agent_identifies_tool_and_configured_contact PASSED [  3%]
tests/sources/test_arxiv.py::test_two_consecutive_calls_observe_configured_arxiv_interval PASSED [  4%]
tests/sources/test_crossref.py::test_resolve_doi_uses_recorded_crossref_response PASSED [  5%]
tests/sources/test_openalex.py::test_search_uses_publication_date_filters_and_parses_fixture PASSED [  7%]
tests/sources/test_openalex.py::test_fetch_metadata_reconstructs_abstract_from_recorded_fixture PASSED [  8%]
tests/sources/test_openalex.py::test_user_agent_identifies_tool_and_configured_contact PASSED [  9%]
tests/sources/test_openalex.py::test_two_consecutive_calls_observe_configured_openalex_interval PASSED [ 10%]
tests/sources/test_registry.py::test_builtin_source_is_registered_at_import_time[arxiv] PASSED [ 11%]
tests/sources/test_registry.py::test_builtin_source_is_registered_at_import_time[openalex] PASSED [ 13%]
tests/sources/test_registry.py::test_builtin_source_is_registered_at_import_time[semantic_scholar] PASSED [ 14%]
tests/sources/test_registry.py::test_unknown_source_raises_named_error PASSED [ 15%]
tests/sources/test_registry.py::test_crossref_is_not_registered_as_a_discovery_source PASSED [ 16%]
tests/sources/test_semantic_scholar.py::test_search_uses_date_range_and_parses_recorded_fixture PASSED [ 17%]
tests/sources/test_semantic_scholar.py::test_fetch_metadata_parses_recorded_paper PASSED [ 19%]
tests/sources/test_semantic_scholar.py::test_user_agent_identifies_tool_and_configured_contact PASSED [ 20%]
tests/sources/test_semantic_scholar.py::test_two_consecutive_calls_observe_configured_semantic_scholar_interval PASSED [ 21%]
tests/test_acquire.py::test_open_access_pdf_is_downloaded_and_recorded PASSED [ 22%]
tests/test_acquire.py::test_paper_without_pdf_is_kept_as_abstract_only PASSED [ 23%]
tests/test_acquire.py::test_non_pdf_response_is_treated_as_no_pdf_available[text/html-%PDF-1.4\n1 0 obj\n<< /Type /Catalog >>\nendobj\ntrailer\n<< /Root 1 0 R >>\n%%EOF\n] PASSED [ 25%]
tests/test_acquire.py::test_non_pdf_response_is_treated_as_no_pdf_available[application/pdf-<html>not a PDF</html>] PASSED [ 26%]
tests/test_acquire.py::test_existing_download_is_skipped_without_touching_file PASSED [ 27%]
tests/test_acquire.py::test_download_failure_is_recorded_against_paper_without_raising PASSED [ 28%]
tests/test_acquire.py::test_truncated_http_response_is_recorded_against_paper_without_raising PASSED [ 29%]
tests/test_acquire.py::test_malformed_pdf_url_is_recorded_without_raising PASSED [ 30%]
tests/test_acquire.py::test_abstract_only_reacquisition_clears_missing_pdf_path[None-None] PASSED [ 32%]
tests/test_acquire.py::test_abstract_only_reacquisition_clears_missing_pdf_path[https://example.test/not-a-pdf-response1] PASSED [ 33%]
tests/test_acquire.py::test_successful_retry_resets_failed_paper_to_pending PASSED [ 34%]
tests/test_acquire.py::test_default_acquisition_uses_configured_storage_directory PASSED [ 35%]
tests/test_acquire.py::test_storage_failure_is_recorded_without_raising PASSED [ 36%]
tests/test_cli_smoke.py::test_airesearch_help_exits_successfully PASSED  [ 38%]
tests/test_config.py::test_settings_read_database_url_from_environment PASSED [ 39%]
tests/test_config.py::test_missing_required_variable_raises_named_error PASSED [ 40%]
tests/test_config.py::test_settings_read_pdf_storage_directory_from_environment PASSED [ 41%]
tests/test_dedup.py::test_normalize_title_ignores_case_punctuation_and_whitespace PASSED [ 42%]
tests/test_dedup.py::test_doi_match_merges_three_sources_with_three_provenance_rows PASSED [ 44%]
tests/test_dedup.py::test_arxiv_match_is_used_when_doi_is_unavailable PASSED [ 45%]
tests/test_dedup.py::test_title_author_surname_and_year_match_is_the_final_fallback PASSED [ 46%]
tests/test_dedup.py::test_merging_fills_empty_fields_without_overwriting_existing_values PASSED [ 47%]
tests/test_dedup.py::test_different_non_null_dois_never_merge_by_title PASSED [ 48%]
tests/test_dedup.py::test_near_miss_title_prefix_stays_as_two_distinct_papers PASSED [ 50%]
tests/test_gateway.py::test_codex_returns_text_for_a_plain_prompt PASSED [ 51%]
tests/test_gateway.py::test_codex_returns_an_object_for_a_schema_request PASSED [ 52%]
tests/test_gateway.py::test_claude_returns_text_for_a_plain_prompt PASSED [ 53%]
tests/test_gateway.py::test_claude_disables_all_tools PASSED             [ 54%]
tests/test_gateway.py::test_claude_terminates_variadic_tools_before_prompt PASSED [ 55%]
tests/test_gateway.py::test_claude_returns_an_object_for_a_schema_request PASSED [ 57%]
tests/test_gateway.py::test_nonzero_cli_exit_raises_model_call_error[claude] PASSED [ 58%]
tests/test_gateway.py::test_nonzero_cli_exit_raises_model_call_error[codex] PASSED [ 59%]
tests/test_gateway.py::test_cli_timeout_raises_model_timeout_error[claude] PASSED [ 60%]
tests/test_gateway.py::test_cli_timeout_raises_model_timeout_error[codex] PASSED [ 61%]
tests/test_gateway.py::test_malformed_schema_output_raises_model_output_error[claude-not-json] PASSED [ 63%]
tests/test_gateway.py::test_malformed_schema_output_raises_model_output_error[codex-not-json] PASSED [ 64%]
tests/test_gateway.py::test_unknown_job_uses_the_default_backend PASSED  [ 65%]
tests/test_gateway.py::test_gateway_caps_parallel_subprocesses PASSED    [ 66%]
tests/test_gateway.py::test_llm_package_exposes_only_complete_as_its_call_entry_point PASSED [ 67%]
tests/test_gateway.py::test_unexpected_backend_failure_is_translated PASSED [ 69%]
tests/test_migrations.py::test_db_help_lists_migrate_command PASSED      [ 70%]
tests/test_migrations.py::test_models_define_every_phase_one_table PASSED [ 71%]
tests/test_migrations.py::test_cli_applies_all_migrations_and_is_idempotent PASSED [ 72%]
tests/test_migrations.py::test_non_null_paper_identifiers_are_unique[doi] PASSED [ 73%]
tests/test_migrations.py::test_non_null_paper_identifiers_are_unique[arxiv_id] PASSED [ 75%]
tests/test_migrations.py::test_multiple_null_paper_identifiers_are_allowed PASSED [ 76%]
tests/test_no_direct_model_calls.py::test_model_calls_are_confined_to_the_llm_package[claude -p] PASSED [ 77%]
tests/test_no_direct_model_calls.py::test_model_calls_are_confined_to_the_llm_package[codex exec] PASSED [ 78%]
tests/test_no_direct_model_calls.py::test_model_calls_are_confined_to_the_llm_package[import litellm] PASSED [ 79%]
tests/test_no_direct_model_calls.py::test_model_calls_are_confined_to_the_llm_package[import openai] PASSED [ 80%]
tests/test_no_direct_model_calls.py::test_model_calls_are_confined_to_the_llm_package[import anthropic] PASSED [ 82%]
tests/test_parse.py::test_tei_fixture_produces_expected_nested_section_titles_in_order PASSED [ 83%]
tests/test_parse.py::test_parse_pdf_stores_tei_and_sections_from_grobid PASSED [ 84%]
tests/test_parse.py::test_grobid_failure_is_recorded_without_raising PASSED [ 85%]
tests/test_parse.py::test_missing_pdf_is_recorded_as_failure_without_raising PASSED [ 86%]
tests/test_parse.py::test_live_grobid_process_fulltext_when_reachable PASSED [ 88%]
tests/test_scoping.py::test_estimate_uses_capped_search_results_without_fetching_papers PASSED [ 89%]
tests/test_scoping.py::test_default_estimation_uses_every_registered_source PASSED [ 90%]
tests/test_scoping.py::test_scope_store_persists_and_rehydrates_scope_rows PASSED [ 91%]
tests/test_scoping.py::test_dialogue_estimates_before_narrowing_and_after_each_accepted_decision PASSED [ 92%]
tests/test_scoping.py::test_scope_new_runs_dialogue_and_persists_exactly_one_row PASSED [ 94%]
tests/test_scoping.py::test_scope_show_prints_the_full_definition_and_current_estimate PASSED [ 95%]
tests/test_scoping.py::test_scope_list_prints_every_scope_with_its_estimated_size PASSED [ 96%]
tests/test_services_config.py::test_service_urls_are_read_from_environment PASSED [ 97%]
tests/test_services_config.py::test_compose_declares_native_healthy_backing_services PASSED [ 98%]
tests/test_services_config.py::test_postgres_password_must_come_from_local_environment PASSED [100%]

============================== 84 passed in 7.40s ==============================
FULL_EXIT=
