============================= test session starts ==============================
platform darwin -- Python 3.11.15, pytest-9.1.1, pluggy-1.6.0 -- /Users/banknatchapol/Desktop/Codes/AI-Researcher/.worktrees/issue-68-qa/.venv/bin/python
cachedir: .pytest_cache
rootdir: /Users/banknatchapol/Desktop/Codes/AI-Researcher/.worktrees/issue-68-qa
configfile: pyproject.toml
plugins: anyio-4.14.2
collecting ... collected 9 items

tests/test_change_detection.py::test_quiet_period_produces_empty_changeset PASSED [ 11%]
tests/test_change_detection.py::test_detects_new_papers_per_subscribed_scope PASSED [ 22%]
tests/test_change_detection.py::test_detects_new_claim_evidence_for_subscribed_claims PASSED [ 33%]
tests/test_change_detection.py::test_first_refutes_evidence_is_reported_as_stance_flip PASSED [ 44%]
tests/test_change_detection.py::test_second_refutes_is_not_a_stance_flip PASSED [ 55%]
tests/test_change_detection.py::test_score_movement_reports_separate_deltas_beyond_threshold PASSED [ 66%]
tests/test_change_detection.py::test_score_movement_below_threshold_is_ignored PASSED [ 77%]
tests/test_change_detection.py::test_score_movement_threshold_defaults_to_ten_and_is_configurable PASSED [ 88%]
tests/test_change_detection.py::test_detects_new_discourse_mentions_for_papers_backing_subscribed_claims PASSED [100%]

============================== 9 passed in 2.83s ===============================
