============================= test session starts ==============================
platform darwin -- Python 3.11.15, pytest-9.1.1, pluggy-1.6.0
rootdir: /Users/banknatchapol/Desktop/Codes/AI-Researcher/.worktrees/issue-63-qa
configfile: pyproject.toml
testpaths: tests
plugins: anyio-4.14.2
collected 302 items

tests/discourse/test_hackernews.py ....                                  [  1%]
tests/discourse/test_huggingface.py ....                                 [  2%]
tests/discourse/test_reddit.py .....                                     [  4%]
tests/discourse/test_rss.py .......                                      [  6%]
tests/sources/test_arxiv.py ....                                         [  7%]
tests/sources/test_crossref.py .                                         [  8%]
tests/sources/test_openalex.py ....                                      [  9%]
tests/sources/test_registry.py .....                                     [ 11%]
tests/sources/test_semantic_scholar.py ....                              [ 12%]
tests/test_acquire.py .............                                      [ 16%]
tests/test_ask_cli.py .....                                              [ 18%]
tests/test_channel_separation.py .....                                   [ 20%]
tests/test_claim_identity.py ...........                                 [ 23%]
tests/test_claims_surface.py .........                                   [ 26%]
tests/test_cli_smoke.py .                                                [ 27%]
tests/test_confidence.py ......................                          [ 34%]
tests/test_config.py ....                                                [ 35%]
tests/test_dedup.py .......                                              [ 38%]
tests/test_discourse_registry.py ...                                     [ 39%]
tests/test_discourse_schema.py ..                                        [ 39%]
tests/test_eval_harness.py ....                                          [ 41%]
tests/test_evidence_linking.py ......                                    [ 43%]
tests/test_extraction_eval.py ......                                     [ 45%]
tests/test_extraction_pipeline.py ............                           [ 49%]
tests/test_extraction_schema.py ..                                       [ 49%]
tests/test_extraction_validation.py .........                            [ 52%]
tests/test_gateway.py ................                                   [ 57%]
tests/test_ingest_pipeline.py .......                                    [ 60%]
tests/test_mcp_server.py ......                                          [ 62%]
tests/test_migrations.py ......                                          [ 64%]
tests/test_no_direct_model_calls.py .....                                [ 65%]
tests/test_parse.py ......                                               [ 67%]
tests/test_quality.py ............                                       [ 71%]
tests/test_scoping.py .......                                            [ 74%]
tests/test_score_separation.py .......................                   [ 81%]
tests/test_services_config.py ...                                        [ 82%]
tests/test_shortlist.py ........                                         [ 85%]
tests/test_status.py .....                                               [ 87%]
tests/test_supersaiyan_dispatch_policy.py ............                   [ 91%]
tests/test_synthesis.py ..........                                       [ 94%]
tests/test_traversal.py .........                                        [ 97%]
tests/test_tree_builder.py ......                                        [ 99%]
tests/test_tree_schema.py ..                                             [100%]

============================= 302 passed in 18.00s =============================
