$ uv run pytest tests/test_confidence.py
============================= test session starts ==============================
platform darwin -- Python 3.11.15, pytest-9.1.1, pluggy-1.6.0
rootdir: /Users/banknatchapol/Desktop/Codes/AI-Researcher/.worktrees/issue-47-qa
configfile: pyproject.toml
plugins: anyio-4.14.2
collected 12 items

tests/test_confidence.py ...F........                                    [100%]

=================================== FAILURES ===================================
_______ test_verbatim_overlap_does_not_treat_shuffled_words_as_verbatim ________

>       assert shuffled_overlap < exact_overlap
E       assert 25.0 < 25.0

tests/test_confidence.py:129: AssertionError
=========================== short test summary info ============================
FAILED tests/test_confidence.py::test_verbatim_overlap_does_not_treat_shuffled_words_as_verbatim
========================= 1 failed, 11 passed in 0.15s =========================

$ uv run pytest tests/test_confidence.py -k 'not shuffled_words' -q
...........                                                              [100%]
11 passed, 1 deselected in 0.12s
