============================= test session starts ==============================
platform darwin -- Python 3.11.15, pytest-9.1.1, pluggy-1.6.0 -- /Users/banknatchapol/Desktop/Codes/AI-Researcher/.worktrees/issue-62-qa/.venv/bin/python
cachedir: .pytest_cache
rootdir: /Users/banknatchapol/Desktop/Codes/AI-Researcher/.worktrees/issue-62-qa
configfile: pyproject.toml
plugins: anyio-4.14.2
collecting ... collected 9 items

tests/discourse/test_reddit.py::test_reddit_implements_discourse_source_and_is_registered PASSED [ 11%]
tests/discourse/test_reddit.py::test_poll_uses_oauth_and_default_subreddits_and_filters_by_since PASSED [ 22%]
tests/discourse/test_reddit.py::test_missing_credentials_skips_with_log_and_returns_empty PASSED [ 33%]
tests/discourse/test_reddit.py::test_user_agent_identifies_tool_and_configured_contact PASSED [ 44%]
tests/discourse/test_reddit.py::test_link_targets_is_stubbed_empty_until_shared_resolver PASSED [ 55%]
tests/discourse/test_hackernews.py::test_hackernews_implements_discourse_source_and_is_registered PASSED [ 66%]
tests/discourse/test_hackernews.py::test_poll_uses_firebase_api_and_filters_by_since_and_story_type PASSED [ 77%]
tests/discourse/test_hackernews.py::test_user_agent_identifies_tool_and_configured_contact PASSED [ 88%]
tests/discourse/test_hackernews.py::test_link_targets_is_stubbed_empty_until_shared_resolver PASSED [100%]

============================== 9 passed in 0.04s ===============================
EXIT:0
