============================= test session starts ==============================
platform darwin -- Python 3.11.15, pytest-9.1.1, pluggy-1.6.0
rootdir: /Users/banknatchapol/Desktop/Codes/AI-Researcher/.worktrees/issue-62-qa
configfile: pyproject.toml
testpaths: tests
plugins: anyio-4.14.2
collected 291 items

tests/discourse/test_hackernews.py ....                                  [  1%]
tests/discourse/test_reddit.py .....                                     [  3%]
tests/sources/test_arxiv.py ....                                         [  4%]
tests/sources/test_crossref.py .                                         [  4%]
tests/sources/test_openalex.py ....                                      [  6%]
tests/sources/test_registry.py .....                                     [  7%]
tests/sources/test_semantic_scholar.py ....                              [  9%]
tests/test_acquire.py .............                                      [ 13%]
tests/test_ask_cli.py .....                                              [ 15%]
tests/test_channel_separation.py .....                                   [ 17%]
tests/test_claim_identity.py ...........                                 [ 20%]
tests/test_claims_surface.py .........                                   [ 24%]
tests/test_cli_smoke.py .                                                [ 24%]
tests/test_confidence.py ......................                          [ 31%]
tests/test_config.py ....                                                [ 33%]
tests/test_dedup.py .......                                              [ 35%]
tests/test_discourse_registry.py ...                                     [ 36%]
tests/test_discourse_schema.py ..                                        [ 37%]
tests/test_eval_harness.py ....                                          [ 38%]
tests/test_evidence_linking.py ......                                    [ 40%]
tests/test_extraction_eval.py ......                                     [ 42%]
tests/test_extraction_pipeline.py ............                           [ 47%]
tests/test_extraction_schema.py ..                                       [ 47%]
tests/test_extraction_validation.py .........                            [ 50%]
tests/test_gateway.py ................                                   [ 56%]
tests/test_ingest_pipeline.py .......                                    [ 58%]
tests/test_mcp_server.py ......                                          [ 60%]
tests/test_migrations.py ......                                          [ 62%]
tests/test_no_direct_model_calls.py .....                                [ 64%]
tests/test_parse.py ......                                               [ 66%]
tests/test_quality.py ............                                       [ 70%]
tests/test_scoping.py .......                                            [ 73%]
tests/test_score_separation.py .......................                   [ 81%]
tests/test_services_config.py ...                                        [ 82%]
tests/test_shortlist.py ........                                         [ 84%]
tests/test_status.py .....                                               [ 86%]
tests/test_supersaiyan_dispatch_policy.py ............                   [ 90%]
tests/test_synthesis.py ..........                                       [ 94%]
tests/test_traversal.py .........                                        [ 97%]
tests/test_tree_builder.py ......                                        [ 99%]
tests/test_tree_schema.py ..                                             [100%]

============================= 291 passed in 17.03s =============================
EXIT:0
