<?xml version="1.0" encoding="utf-8"?><testsuites name="pytest tests"><testsuite name="pytest" errors="0" failures="0" skipped="0" tests="4" time="0.100" timestamp="2026-07-27T16:57:03.792795+07:00" hostname="Natchapols-MacBook-Pro.local"><testcase classname="tests.test_eval_harness" name="test_default_goldset_has_twenty_questions_across_quantum_and_ai" time="0.012" /><testcase classname="tests.test_eval_harness" name="test_goldset_fails_loudly_when_a_path_matches_no_known_section" time="0.002" /><testcase classname="tests.test_eval_harness" name="test_harness_runs_end_to_end_offline_and_appends_comparable_backend_runs" time="0.002" /><testcase classname="tests.test_eval_harness" name="test_eval_cli_reports_all_metrics_and_report_path" time="0.001" /></testsuite></testsuites>